This file contains any messages produced by compilers while
running configure, to aid debugging if configure makes a mistake.

It was created by configure, which was
generated by GNU Autoconf 2.69.  Invocation command line was

  $ ./configure --disable-renewal --enable-packetver=20120410

## --------- ##
## Platform. ##
## --------- ##

hostname = thebig.local
uname -m = x86_64
uname -r = 16.0.0
uname -s = Darwin
uname -v = Darwin Kernel Version 16.0.0: Mon Aug 29 17:56:20 PDT 2016; root:xnu-3789.1.32~3/RELEASE_X86_64

/usr/bin/uname -p = i386
/bin/uname -X     = unknown

/bin/arch              = unknown
/usr/bin/arch -k       = unknown
/usr/convex/getsysinfo = unknown
/usr/bin/hostinfo      = Mach kernel version:
	 Darwin Kernel Version 16.0.0: Mon Aug 29 17:56:20 PDT 2016; root:xnu-3789.1.32~3/RELEASE_X86_64
Kernel configured for up to 8 processors.
4 processors are physically available.
8 processors are logically available.
Processor type: x86_64h (Intel x86-64h Haswell)
Processors active: 0 1 2 3 4 5 6 7
Primary memory available: 16.00 gigabytes
Default processor set: 320 tasks, 1581 threads, 8 processors
Load average: 2.81, Mach factor: 5.19
/bin/machine           = unknown
/usr/bin/oslevel       = unknown
/bin/universe          = unknown

PATH: /usr/local/bin
PATH: /usr/bin
PATH: /bin
PATH: /usr/sbin
PATH: /sbin
PATH: /opt/X11/bin


## ----------- ##
## Core tests. ##
## ----------- ##

configure:2250: checking for gcc
configure:2266: found /usr/bin/gcc
configure:2277: result: gcc
configure:2506: checking for C compiler version
configure:2515: gcc --version >&5
Apple LLVM version 8.0.0 (clang-800.0.38)
Target: x86_64-apple-darwin16.0.0
Thread model: posix
InstalledDir: /Applications/Xcode.app/Contents/Developer/Toolchains/XcodeDefault.xctoolchain/usr/bin
Configured with: --prefix=/Applications/Xcode.app/Contents/Developer/usr --with-gxx-include-dir=/usr/include/c++/4.2.1
configure:2526: $? = 0
configure:2515: gcc -v >&5
Configured with: --prefix=/Applications/Xcode.app/Contents/Developer/usr --with-gxx-include-dir=/usr/include/c++/4.2.1
Apple LLVM version 8.0.0 (clang-800.0.38)
Target: x86_64-apple-darwin16.0.0
Thread model: posix
InstalledDir: /Applications/Xcode.app/Contents/Developer/Toolchains/XcodeDefault.xctoolchain/usr/bin
configure:2526: $? = 0
configure:2515: gcc -V >&5
clang: error: argument to '-V' is missing (expected 1 value)
clang: error: no input files
configure:2526: $? = 1
configure:2515: gcc -qversion >&5
clang: error: unknown argument: '-qversion'
clang: error: no input files
configure:2526: $? = 1
configure:2546: checking whether the C compiler works
configure:2568: gcc    conftest.c  >&5
configure:2572: $? = 0
configure:2620: result: yes
configure:2623: checking for C compiler default output file name
configure:2625: result: a.out
configure:2631: checking for suffix of executables
configure:2638: gcc -o conftest    conftest.c  >&5
configure:2642: $? = 0
configure:2664: result: 
configure:2686: checking whether we are cross compiling
configure:2694: gcc -o conftest    conftest.c  >&5
configure:2698: $? = 0
configure:2705: ./conftest
configure:2709: $? = 0
configure:2724: result: no
configure:2729: checking for suffix of object files
configure:2751: gcc -c   conftest.c >&5
configure:2755: $? = 0
configure:2776: result: o
configure:2780: checking whether we are using the GNU C compiler
configure:2799: gcc -c   conftest.c >&5
configure:2799: $? = 0
configure:2808: result: yes
configure:2817: checking whether gcc accepts -g
configure:2837: gcc -c -g  conftest.c >&5
configure:2837: $? = 0
configure:2878: result: yes
configure:2895: checking for gcc option to accept ISO C89
configure:2958: gcc  -c -g -O2  conftest.c >&5
configure:2958: $? = 0
configure:2971: result: none needed
configure:2997: checking how to run the C preprocessor
configure:3028: gcc -E  conftest.c
configure:3028: $? = 0
configure:3042: gcc -E  conftest.c
conftest.c:9:10: fatal error: 'ac_nonexistent.h' file not found
#include <ac_nonexistent.h>
         ^
1 error generated.
configure:3042: $? = 1
configure: failed program was:
| /* confdefs.h */
| #define PACKAGE_NAME ""
| #define PACKAGE_TARNAME ""
| #define PACKAGE_VERSION ""
| #define PACKAGE_STRING ""
| #define PACKAGE_BUGREPORT ""
| #define PACKAGE_URL ""
| /* end confdefs.h.  */
| #include <ac_nonexistent.h>
configure:3067: result: gcc -E
configure:3087: gcc -E  conftest.c
configure:3087: $? = 0
configure:3101: gcc -E  conftest.c
conftest.c:9:10: fatal error: 'ac_nonexistent.h' file not found
#include <ac_nonexistent.h>
         ^
1 error generated.
configure:3101: $? = 1
configure: failed program was:
| /* confdefs.h */
| #define PACKAGE_NAME ""
| #define PACKAGE_TARNAME ""
| #define PACKAGE_VERSION ""
| #define PACKAGE_STRING ""
| #define PACKAGE_BUGREPORT ""
| #define PACKAGE_URL ""
| /* end confdefs.h.  */
| #include <ac_nonexistent.h>
configure:3130: checking for grep that handles long lines and -e
configure:3188: result: /usr/bin/grep
configure:3193: checking for egrep
configure:3255: result: /usr/bin/grep -E
configure:3260: checking for ANSI C header files
configure:3280: gcc -c -g -O2  conftest.c >&5
configure:3280: $? = 0
configure:3353: gcc -o conftest -g -O2   conftest.c  >&5
configure:3353: $? = 0
configure:3353: ./conftest
configure:3353: $? = 0
configure:3364: result: yes
configure:3377: checking for sys/types.h
configure:3377: gcc -c -g -O2  conftest.c >&5
configure:3377: $? = 0
configure:3377: result: yes
configure:3377: checking for sys/stat.h
configure:3377: gcc -c -g -O2  conftest.c >&5
configure:3377: $? = 0
configure:3377: result: yes
configure:3377: checking for stdlib.h
configure:3377: gcc -c -g -O2  conftest.c >&5
configure:3377: $? = 0
configure:3377: result: yes
configure:3377: checking for string.h
configure:3377: gcc -c -g -O2  conftest.c >&5
configure:3377: $? = 0
configure:3377: result: yes
configure:3377: checking for memory.h
configure:3377: gcc -c -g -O2  conftest.c >&5
configure:3377: $? = 0
configure:3377: result: yes
configure:3377: checking for strings.h
configure:3377: gcc -c -g -O2  conftest.c >&5
configure:3377: $? = 0
configure:3377: result: yes
configure:3377: checking for inttypes.h
configure:3377: gcc -c -g -O2  conftest.c >&5
configure:3377: $? = 0
configure:3377: result: yes
configure:3377: checking for stdint.h
configure:3377: gcc -c -g -O2  conftest.c >&5
configure:3377: $? = 0
configure:3377: result: yes
configure:3377: checking for unistd.h
configure:3377: gcc -c -g -O2  conftest.c >&5
configure:3377: $? = 0
configure:3377: result: yes
configure:3390: checking minix/config.h usability
configure:3390: gcc -c -g -O2  conftest.c >&5
conftest.c:52:10: fatal error: 'minix/config.h' file not found
#include <minix/config.h>
         ^
1 error generated.
configure:3390: $? = 1
configure: failed program was:
| /* confdefs.h */
| #define PACKAGE_NAME ""
| #define PACKAGE_TARNAME ""
| #define PACKAGE_VERSION ""
| #define PACKAGE_STRING ""
| #define PACKAGE_BUGREPORT ""
| #define PACKAGE_URL ""
| #define STDC_HEADERS 1
| #define HAVE_SYS_TYPES_H 1
| #define HAVE_SYS_STAT_H 1
| #define HAVE_STDLIB_H 1
| #define HAVE_STRING_H 1
| #define HAVE_MEMORY_H 1
| #define HAVE_STRINGS_H 1
| #define HAVE_INTTYPES_H 1
| #define HAVE_STDINT_H 1
| #define HAVE_UNISTD_H 1
| /* end confdefs.h.  */
| #include <stdio.h>
| #ifdef HAVE_SYS_TYPES_H
| # include <sys/types.h>
| #endif
| #ifdef HAVE_SYS_STAT_H
| # include <sys/stat.h>
| #endif
| #ifdef STDC_HEADERS
| # include <stdlib.h>
| # include <stddef.h>
| #else
| # ifdef HAVE_STDLIB_H
| #  include <stdlib.h>
| # endif
| #endif
| #ifdef HAVE_STRING_H
| # if !defined STDC_HEADERS && defined HAVE_MEMORY_H
| #  include <memory.h>
| # endif
| # include <string.h>
| #endif
| #ifdef HAVE_STRINGS_H
| # include <strings.h>
| #endif
| #ifdef HAVE_INTTYPES_H
| # include <inttypes.h>
| #endif
| #ifdef HAVE_STDINT_H
| # include <stdint.h>
| #endif
| #ifdef HAVE_UNISTD_H
| # include <unistd.h>
| #endif
| #include <minix/config.h>
configure:3390: result: no
configure:3390: checking minix/config.h presence
configure:3390: gcc -E  conftest.c
conftest.c:19:10: fatal error: 'minix/config.h' file not found
#include <minix/config.h>
         ^
1 error generated.
configure:3390: $? = 1
configure: failed program was:
| /* confdefs.h */
| #define PACKAGE_NAME ""
| #define PACKAGE_TARNAME ""
| #define PACKAGE_VERSION ""
| #define PACKAGE_STRING ""
| #define PACKAGE_BUGREPORT ""
| #define PACKAGE_URL ""
| #define STDC_HEADERS 1
| #define HAVE_SYS_TYPES_H 1
| #define HAVE_SYS_STAT_H 1
| #define HAVE_STDLIB_H 1
| #define HAVE_STRING_H 1
| #define HAVE_MEMORY_H 1
| #define HAVE_STRINGS_H 1
| #define HAVE_INTTYPES_H 1
| #define HAVE_STDINT_H 1
| #define HAVE_UNISTD_H 1
| /* end confdefs.h.  */
| #include <minix/config.h>
configure:3390: result: no
configure:3390: checking for minix/config.h
configure:3390: result: no
configure:3411: checking whether it is safe to define __EXTENSIONS__
configure:3429: gcc -c -g -O2  conftest.c >&5
configure:3429: $? = 0
configure:3436: result: yes
configure:3938: checking whether make sets $(MAKE)
configure:3960: result: yes
configure:4017: checking for gcc
configure:4044: result: gcc
configure:4273: checking for C compiler version
configure:4282: gcc --version >&5
Apple LLVM version 8.0.0 (clang-800.0.38)
Target: x86_64-apple-darwin16.0.0
Thread model: posix
InstalledDir: /Applications/Xcode.app/Contents/Developer/Toolchains/XcodeDefault.xctoolchain/usr/bin
Configured with: --prefix=/Applications/Xcode.app/Contents/Developer/usr --with-gxx-include-dir=/usr/include/c++/4.2.1
configure:4293: $? = 0
configure:4282: gcc -v >&5
Configured with: --prefix=/Applications/Xcode.app/Contents/Developer/usr --with-gxx-include-dir=/usr/include/c++/4.2.1
Apple LLVM version 8.0.0 (clang-800.0.38)
Target: x86_64-apple-darwin16.0.0
Thread model: posix
InstalledDir: /Applications/Xcode.app/Contents/Developer/Toolchains/XcodeDefault.xctoolchain/usr/bin
configure:4293: $? = 0
configure:4282: gcc -V >&5
clang: error: argument to '-V' is missing (expected 1 value)
clang: error: no input files
configure:4293: $? = 1
configure:4282: gcc -qversion >&5
clang: error: unknown argument: '-qversion'
clang: error: no input files
configure:4293: $? = 1
configure:4297: checking whether we are using the GNU C compiler
configure:4325: result: yes
configure:4334: checking whether gcc accepts -g
configure:4395: result: yes
configure:4412: checking for gcc option to accept ISO C89
configure:4488: result: none needed
configure:4513: checking how to run the C preprocessor
configure:4583: result: gcc -E
configure:4603: gcc -E  -DMAXCONN=16384 conftest.c
configure:4603: $? = 0
configure:4617: gcc -E  -DMAXCONN=16384 conftest.c
conftest.c:24:10: fatal error: 'ac_nonexistent.h' file not found
#include <ac_nonexistent.h>
         ^
1 error generated.
configure:4617: $? = 1
configure: failed program was:
| /* confdefs.h */
| #define PACKAGE_NAME ""
| #define PACKAGE_TARNAME ""
| #define PACKAGE_VERSION ""
| #define PACKAGE_STRING ""
| #define PACKAGE_BUGREPORT ""
| #define PACKAGE_URL ""
| #define STDC_HEADERS 1
| #define HAVE_SYS_TYPES_H 1
| #define HAVE_SYS_STAT_H 1
| #define HAVE_STDLIB_H 1
| #define HAVE_STRING_H 1
| #define HAVE_MEMORY_H 1
| #define HAVE_STRINGS_H 1
| #define HAVE_INTTYPES_H 1
| #define HAVE_STDINT_H 1
| #define HAVE_UNISTD_H 1
| #define __EXTENSIONS__ 1
| #define _ALL_SOURCE 1
| #define _GNU_SOURCE 1
| #define _POSIX_PTHREAD_SEMANTICS 1
| #define _TANDEM_SOURCE 1
| /* end confdefs.h.  */
| #include <ac_nonexistent.h>
configure:4647: checking for ar
configure:4665: found /usr/bin/ar
configure:4677: result: /usr/bin/ar
configure:4728: checking whether byte ordering is bigendian
configure:4743: gcc -c -g -O2 -pipe -ffast-math -Wall -Wextra -Wno-sign-compare -std=c99  -DMAXCONN=16384 -I../common -I/usr/local/include conftest.c >&5
configure:4743: $? = 0
configure:4788: gcc -c -g -O2 -pipe -ffast-math -Wall -Wextra -Wno-sign-compare -std=c99  -DMAXCONN=16384 -I../common -I/usr/local/include conftest.c >&5
configure:4788: $? = 0
configure:4806: gcc -c -g -O2 -pipe -ffast-math -Wall -Wextra -Wno-sign-compare -std=c99  -DMAXCONN=16384 -I../common -I/usr/local/include conftest.c >&5
conftest.c:31:4: error: use of undeclared identifier 'not'
                 not big endian
                 ^
1 error generated.
configure:4806: $? = 1
configure: failed program was:
| /* confdefs.h */
| #define PACKAGE_NAME ""
| #define PACKAGE_TARNAME ""
| #define PACKAGE_VERSION ""
| #define PACKAGE_STRING ""
| #define PACKAGE_BUGREPORT ""
| #define PACKAGE_URL ""
| #define STDC_HEADERS 1
| #define HAVE_SYS_TYPES_H 1
| #define HAVE_SYS_STAT_H 1
| #define HAVE_STDLIB_H 1
| #define HAVE_STRING_H 1
| #define HAVE_MEMORY_H 1
| #define HAVE_STRINGS_H 1
| #define HAVE_INTTYPES_H 1
| #define HAVE_STDINT_H 1
| #define HAVE_UNISTD_H 1
| #define __EXTENSIONS__ 1
| #define _ALL_SOURCE 1
| #define _GNU_SOURCE 1
| #define _POSIX_PTHREAD_SEMANTICS 1
| #define _TANDEM_SOURCE 1
| /* end confdefs.h.  */
| #include <sys/types.h>
| 		#include <sys/param.h>
| 
| int
| main ()
| {
| #if BYTE_ORDER != BIG_ENDIAN
| 		 not big endian
| 		#endif
| 
|   ;
|   return 0;
| }
configure:4934: result: no
configure:5003: checking whether gcc produces 32bit code
configure:5021: gcc -o conftest -g -O2 -pipe -ffast-math -Wall -Wextra -Wno-sign-compare -std=c99  -DMAXCONN=16384 -I../common -I/usr/local/include  -L/usr/local/lib conftest.c  >&5
conftest.c:25:16: warning: unused parameter 'argc' [-Wunused-parameter]
                int main(int argc, char **argv){
                             ^
conftest.c:25:29: warning: unused parameter 'argv' [-Wunused-parameter]
                int main(int argc, char **argv){
                                          ^
2 warnings generated.
configure:5021: $? = 0
configure:5021: ./conftest
configure:5021: $? = 1
configure: program exited with status 1
configure: failed program was:
| /* confdefs.h */
| #define PACKAGE_NAME ""
| #define PACKAGE_TARNAME ""
| #define PACKAGE_VERSION ""
| #define PACKAGE_STRING ""
| #define PACKAGE_BUGREPORT ""
| #define PACKAGE_URL ""
| #define STDC_HEADERS 1
| #define HAVE_SYS_TYPES_H 1
| #define HAVE_SYS_STAT_H 1
| #define HAVE_STDLIB_H 1
| #define HAVE_STRING_H 1
| #define HAVE_MEMORY_H 1
| #define HAVE_STRINGS_H 1
| #define HAVE_INTTYPES_H 1
| #define HAVE_STDINT_H 1
| #define HAVE_UNISTD_H 1
| #define __EXTENSIONS__ 1
| #define _ALL_SOURCE 1
| #define _GNU_SOURCE 1
| #define _POSIX_PTHREAD_SEMANTICS 1
| #define _TANDEM_SOURCE 1
| /* end confdefs.h.  */
| 
| 		int main(int argc, char **argv){
| 			if(sizeof(void*) == 4) return 0;
| 			else return 1;
| 		}
| 
configure:5066: result: no
configure:5080: checking whether gcc supports __thread specifier (TLS)
configure:5099: gcc -o conftest -g -O2 -pipe -ffast-math -Wall -Wextra -Wno-sign-compare -std=c99  -DMAXCONN=16384 -I../common -I/usr/local/include  -L/usr/local/lib conftest.c  >&5
conftest.c:27:16: warning: unused parameter 'argc' [-Wunused-parameter]
                int main(int argc, char **argv){
                             ^
conftest.c:27:29: warning: unused parameter 'argv' [-Wunused-parameter]
                int main(int argc, char **argv){
                                          ^
2 warnings generated.
configure:5099: $? = 0
configure:5099: ./conftest
configure:5099: $? = 0
configure:5101: result: yes
configure:5124: checking whether gcc accepts -rdynamic
configure:5135: gcc -o conftest -g -O2 -pipe -ffast-math -Wall -Wextra -Wno-sign-compare -std=c99  -DMAXCONN=16384 -I../common -I/usr/local/include -DHAS_TLS  -L/usr/local/lib -rdynamic conftest.c  >&5
conftest.c:25:16: warning: unused parameter 'argc' [-Wunused-parameter]
                int main(int argc, char **argv)
                             ^
conftest.c:25:29: warning: unused parameter 'argv' [-Wunused-parameter]
                int main(int argc, char **argv)
                                          ^
2 warnings generated.
configure:5135: $? = 0
configure:5137: result: yes
configure:6080: checking whether gcc supports -Wno-unused-parameter
configure:6088: gcc -c -g -O2 -pipe -ffast-math -Wall -Wextra -Wno-sign-compare -std=c99 -Werror -Wno-unused-parameter  -DMAXCONN=16384 -I../common -I/usr/local/include -DHAS_TLS conftest.c >&5
configure:6088: $? = 0
configure:6098: gcc -c -g -O2 -pipe -ffast-math -Wall -Wextra -Wno-sign-compare -std=c99 -Werror -Wunused-parameter  -DMAXCONN=16384 -I../common -I/usr/local/include -DHAS_TLS conftest.c >&5
configure:6098: $? = 0
configure:6100: result: yes
configure:6105: checking whether gcc can actually use -Wno-unused-parameter
configure:6112: gcc -c -g -O2 -pipe -ffast-math -Wall -Wextra -Wno-sign-compare -std=c99 -Werror -Wunused-parameter  -DMAXCONN=16384 -I../common -I/usr/local/include -DHAS_TLS conftest.c >&5
conftest.c:24:13: error: unused parameter 'bar' [-Werror,-Wunused-parameter]
int foo(int bar) { return 0; }
            ^
1 error generated.
configure:6112: $? = 1
configure: failed program was:
| /* confdefs.h */
| #define PACKAGE_NAME ""
| #define PACKAGE_TARNAME ""
| #define PACKAGE_VERSION ""
| #define PACKAGE_STRING ""
| #define PACKAGE_BUGREPORT ""
| #define PACKAGE_URL ""
| #define STDC_HEADERS 1
| #define HAVE_SYS_TYPES_H 1
| #define HAVE_SYS_STAT_H 1
| #define HAVE_STDLIB_H 1
| #define HAVE_STRING_H 1
| #define HAVE_MEMORY_H 1
| #define HAVE_STRINGS_H 1
| #define HAVE_INTTYPES_H 1
| #define HAVE_STDINT_H 1
| #define HAVE_UNISTD_H 1
| #define __EXTENSIONS__ 1
| #define _ALL_SOURCE 1
| #define _GNU_SOURCE 1
| #define _POSIX_PTHREAD_SEMANTICS 1
| #define _TANDEM_SOURCE 1
| /* end confdefs.h.  */
| int foo(int bar) { return 0; }
configure:6125: gcc -c -g -O2 -pipe -ffast-math -Wall -Wextra -Wno-sign-compare -std=c99 -Werror -Wno-unused-parameter  -DMAXCONN=16384 -I../common -I/usr/local/include -DHAS_TLS conftest.c >&5
configure:6125: $? = 0
configure:6127: result: yes
configure:6168: checking whether gcc supports -Wno-clobbered
configure:6176: gcc -c -g -O2 -pipe -ffast-math -Wall -Wextra -Wno-sign-compare -std=c99 -Wno-unused-parameter -Werror -Wno-clobbered  -DMAXCONN=16384 -I../common -I/usr/local/include -DHAS_TLS conftest.c >&5
error: unknown warning option '-Wno-clobbered'; did you mean '-Wno-consumed'? [-Werror,-Wunknown-warning-option]
configure:6176: $? = 1
configure: failed program was:
| /* confdefs.h */
| #define PACKAGE_NAME ""
| #define PACKAGE_TARNAME ""
| #define PACKAGE_VERSION ""
| #define PACKAGE_STRING ""
| #define PACKAGE_BUGREPORT ""
| #define PACKAGE_URL ""
| #define STDC_HEADERS 1
| #define HAVE_SYS_TYPES_H 1
| #define HAVE_SYS_STAT_H 1
| #define HAVE_STDLIB_H 1
| #define HAVE_STRING_H 1
| #define HAVE_MEMORY_H 1
| #define HAVE_STRINGS_H 1
| #define HAVE_INTTYPES_H 1
| #define HAVE_STDINT_H 1
| #define HAVE_UNISTD_H 1
| #define __EXTENSIONS__ 1
| #define _ALL_SOURCE 1
| #define _GNU_SOURCE 1
| #define _POSIX_PTHREAD_SEMANTICS 1
| #define _TANDEM_SOURCE 1
| /* end confdefs.h.  */
| int foo;
configure:6246: result: no
configure:6256: checking whether gcc supports -Wempty-body
configure:6264: gcc -c -g -O2 -pipe -ffast-math -Wall -Wextra -Wno-sign-compare -std=c99 -Wno-unused-parameter -Werror -Wempty-body  -DMAXCONN=16384 -I../common -I/usr/local/include -DHAS_TLS conftest.c >&5
configure:6264: $? = 0
configure:6266: result: yes
configure:6305: checking whether gcc supports -Wnewline-eof
configure:6313: gcc -c -g -O2 -pipe -ffast-math -Wall -Wextra -Wno-sign-compare -std=c99 -Wno-unused-parameter -Wempty-body -Werror -Wnewline-eof  -DMAXCONN=16384 -I../common -I/usr/local/include -DHAS_TLS conftest.c >&5
configure:6313: $? = 0
configure:6315: result: yes
configure:6354: checking whether gcc supports -Wint-conversion
configure:6362: gcc -c -g -O2 -pipe -ffast-math -Wall -Wextra -Wno-sign-compare -std=c99 -Wno-unused-parameter -Wempty-body -Wnewline-eof -Werror -Wint-conversion  -DMAXCONN=16384 -I../common -I/usr/local/include -DHAS_TLS conftest.c >&5
configure:6362: $? = 0
configure:6364: result: yes
configure:6403: checking whether gcc supports -Winit-self
configure:6411: gcc -c -g -O2 -pipe -ffast-math -Wall -Wextra -Wno-sign-compare -std=c99 -Wno-unused-parameter -Wempty-body -Wnewline-eof -Wint-conversion -Werror -Winit-self  -DMAXCONN=16384 -I../common -I/usr/local/include -DHAS_TLS conftest.c >&5
configure:6411: $? = 0
configure:6413: result: yes
configure:6452: checking whether gcc supports -Wpointer-arith
configure:6460: gcc -c -g -O2 -pipe -ffast-math -Wall -Wextra -Wno-sign-compare -std=c99 -Wno-unused-parameter -Wempty-body -Wnewline-eof -Wint-conversion -Winit-self -Werror -Wpointer-arith  -DMAXCONN=16384 -I../common -I/usr/local/include -DHAS_TLS conftest.c >&5
configure:6460: $? = 0
configure:6462: result: yes
configure:6501: checking whether gcc supports -Wswitch-bool
configure:6509: gcc -c -g -O2 -pipe -ffast-math -Wall -Wextra -Wno-sign-compare -std=c99 -Wno-unused-parameter -Wempty-body -Wnewline-eof -Wint-conversion -Winit-self -Wpointer-arith -Werror -Wswitch-bool  -DMAXCONN=16384 -I../common -I/usr/local/include -DHAS_TLS conftest.c >&5
configure:6509: $? = 0
configure:6511: result: yes
configure:6550: checking whether gcc supports -Wenum-conversion
configure:6558: gcc -c -g -O2 -pipe -ffast-math -Wall -Wextra -Wno-sign-compare -std=c99 -Wno-unused-parameter -Wempty-body -Wnewline-eof -Wint-conversion -Winit-self -Wpointer-arith -Wswitch-bool -Werror -Wenum-conversion  -DMAXCONN=16384 -I../common -I/usr/local/include -DHAS_TLS conftest.c >&5
configure:6558: $? = 0
configure:6560: result: yes
configure:6599: checking whether gcc supports -Wshorten-64-to-32
configure:6607: gcc -c -g -O2 -pipe -ffast-math -Wall -Wextra -Wno-sign-compare -std=c99 -Wno-unused-parameter -Wempty-body -Wnewline-eof -Wint-conversion -Winit-self -Wpointer-arith -Wswitch-bool -Wenum-conversion -Werror -Wshorten-64-to-32  -DMAXCONN=16384 -I../common -I/usr/local/include -DHAS_TLS conftest.c >&5
configure:6607: $? = 0
configure:6609: result: yes
configure:6648: checking whether gcc supports -Wconstant-conversion
configure:6656: gcc -c -g -O2 -pipe -ffast-math -Wall -Wextra -Wno-sign-compare -std=c99 -Wno-unused-parameter -Wempty-body -Wnewline-eof -Wint-conversion -Winit-self -Wpointer-arith -Wswitch-bool -Wenum-conversion -Wshorten-64-to-32 -Werror -Wconstant-conversion  -DMAXCONN=16384 -I../common -I/usr/local/include -DHAS_TLS conftest.c >&5
configure:6656: $? = 0
configure:6658: result: yes
configure:6697: checking whether gcc supports -Wbool-conversion
configure:6705: gcc -c -g -O2 -pipe -ffast-math -Wall -Wextra -Wno-sign-compare -std=c99 -Wno-unused-parameter -Wempty-body -Wnewline-eof -Wint-conversion -Winit-self -Wpointer-arith -Wswitch-bool -Wenum-conversion -Wshorten-64-to-32 -Wconstant-conversion -Werror -Wbool-conversion  -DMAXCONN=16384 -I../common -I/usr/local/include -DHAS_TLS conftest.c >&5
configure:6705: $? = 0
configure:6707: result: yes
configure:6746: checking whether gcc supports -Wformat-security
configure:6754: gcc -c -g -O2 -pipe -ffast-math -Wall -Wextra -Wno-sign-compare -std=c99 -Wno-unused-parameter -Wempty-body -Wnewline-eof -Wint-conversion -Winit-self -Wpointer-arith -Wswitch-bool -Wenum-conversion -Wshorten-64-to-32 -Wconstant-conversion -Wbool-conversion -Werror -Wformat-security  -DMAXCONN=16384 -I../common -I/usr/local/include -DHAS_TLS conftest.c >&5
configure:6754: $? = 0
configure:6756: result: yes
configure:6795: checking whether gcc supports -Wformat
configure:6803: gcc -c -g -O2 -pipe -ffast-math -Wall -Wextra -Wno-sign-compare -std=c99 -Wno-unused-parameter -Wempty-body -Wnewline-eof -Wint-conversion -Winit-self -Wpointer-arith -Wswitch-bool -Wenum-conversion -Wshorten-64-to-32 -Wconstant-conversion -Wbool-conversion -Wformat-security -Werror -Wformat  -DMAXCONN=16384 -I../common -I/usr/local/include -DHAS_TLS conftest.c >&5
configure:6803: $? = 0
configure:6805: result: yes
configure:6844: checking whether gcc supports -Wformat-signedness
configure:6852: gcc -c -g -O2 -pipe -ffast-math -Wall -Wextra -Wno-sign-compare -std=c99 -Wno-unused-parameter -Wempty-body -Wnewline-eof -Wint-conversion -Winit-self -Wpointer-arith -Wswitch-bool -Wenum-conversion -Wshorten-64-to-32 -Wconstant-conversion -Wbool-conversion -Wformat-security -Wformat -Werror -Wformat-signedness  -DMAXCONN=16384 -I../common -I/usr/local/include -DHAS_TLS conftest.c >&5
error: unknown warning option '-Wformat-signedness' [-Werror,-Wunknown-warning-option]
configure:6852: $? = 1
configure: failed program was:
| /* confdefs.h */
| #define PACKAGE_NAME ""
| #define PACKAGE_TARNAME ""
| #define PACKAGE_VERSION ""
| #define PACKAGE_STRING ""
| #define PACKAGE_BUGREPORT ""
| #define PACKAGE_URL ""
| #define STDC_HEADERS 1
| #define HAVE_SYS_TYPES_H 1
| #define HAVE_SYS_STAT_H 1
| #define HAVE_STDLIB_H 1
| #define HAVE_STRING_H 1
| #define HAVE_MEMORY_H 1
| #define HAVE_STRINGS_H 1
| #define HAVE_INTTYPES_H 1
| #define HAVE_STDINT_H 1
| #define HAVE_UNISTD_H 1
| #define __EXTENSIONS__ 1
| #define _ALL_SOURCE 1
| #define _GNU_SOURCE 1
| #define _POSIX_PTHREAD_SEMANTICS 1
| #define _TANDEM_SOURCE 1
| /* end confdefs.h.  */
| int foo;
configure:6883: result: no
configure:6893: checking whether gcc supports -Wformat-y2k
configure:6901: gcc -c -g -O2 -pipe -ffast-math -Wall -Wextra -Wno-sign-compare -std=c99 -Wno-unused-parameter -Wempty-body -Wnewline-eof -Wint-conversion -Winit-self -Wpointer-arith -Wswitch-bool -Wenum-conversion -Wshorten-64-to-32 -Wconstant-conversion -Wbool-conversion -Wformat-security -Wformat -Werror -Wformat-y2k  -DMAXCONN=16384 -I../common -I/usr/local/include -DHAS_TLS conftest.c >&5
configure:6901: $? = 0
configure:6903: result: yes
configure:6942: checking whether gcc supports -Wmissing-include-dirs
configure:6950: gcc -c -g -O2 -pipe -ffast-math -Wall -Wextra -Wno-sign-compare -std=c99 -Wno-unused-parameter -Wempty-body -Wnewline-eof -Wint-conversion -Winit-self -Wpointer-arith -Wswitch-bool -Wenum-conversion -Wshorten-64-to-32 -Wconstant-conversion -Wbool-conversion -Wformat-security -Wformat -Wformat-y2k -Werror -Wmissing-include-dirs  -DMAXCONN=16384 -I../common -I/usr/local/include -DHAS_TLS conftest.c >&5
configure:6950: $? = 0
configure:6952: result: yes
configure:6991: checking whether gcc supports -Wsuggest-attribute=noreturn
configure:6999: gcc -c -g -O2 -pipe -ffast-math -Wall -Wextra -Wno-sign-compare -std=c99 -Wno-unused-parameter -Wempty-body -Wnewline-eof -Wint-conversion -Winit-self -Wpointer-arith -Wswitch-bool -Wenum-conversion -Wshorten-64-to-32 -Wconstant-conversion -Wbool-conversion -Wformat-security -Wformat -Wformat-y2k -Wmissing-include-dirs -Werror -Wsuggest-attribute=noreturn  -DMAXCONN=16384 -I../common -I/usr/local/include -DHAS_TLS conftest.c >&5
error: unknown warning option '-Wsuggest-attribute=noreturn' [-Werror,-Wunknown-warning-option]
configure:6999: $? = 1
configure: failed program was:
| /* confdefs.h */
| #define PACKAGE_NAME ""
| #define PACKAGE_TARNAME ""
| #define PACKAGE_VERSION ""
| #define PACKAGE_STRING ""
| #define PACKAGE_BUGREPORT ""
| #define PACKAGE_URL ""
| #define STDC_HEADERS 1
| #define HAVE_SYS_TYPES_H 1
| #define HAVE_SYS_STAT_H 1
| #define HAVE_STDLIB_H 1
| #define HAVE_STRING_H 1
| #define HAVE_MEMORY_H 1
| #define HAVE_STRINGS_H 1
| #define HAVE_INTTYPES_H 1
| #define HAVE_STDINT_H 1
| #define HAVE_UNISTD_H 1
| #define __EXTENSIONS__ 1
| #define _ALL_SOURCE 1
| #define _GNU_SOURCE 1
| #define _POSIX_PTHREAD_SEMANTICS 1
| #define _TANDEM_SOURCE 1
| /* end confdefs.h.  */
| int foo;
configure:7030: result: no
configure:7040: checking whether gcc supports -Wundef
configure:7048: gcc -c -g -O2 -pipe -ffast-math -Wall -Wextra -Wno-sign-compare -std=c99 -Wno-unused-parameter -Wempty-body -Wnewline-eof -Wint-conversion -Winit-self -Wpointer-arith -Wswitch-bool -Wenum-conversion -Wshorten-64-to-32 -Wconstant-conversion -Wbool-conversion -Wformat-security -Wformat -Wformat-y2k -Wmissing-include-dirs -Werror -Wundef  -DMAXCONN=16384 -I../common -I/usr/local/include -DHAS_TLS conftest.c >&5
configure:7048: $? = 0
configure:7050: result: yes
configure:7091: checking whether gcc supports -Wnested-externs
configure:7099: gcc -c -g -O2 -pipe -ffast-math -Wall -Wextra -Wno-sign-compare -std=c99 -Wno-unused-parameter -Wempty-body -Wnewline-eof -Wint-conversion -Winit-self -Wpointer-arith -Wswitch-bool -Wenum-conversion -Wshorten-64-to-32 -Wconstant-conversion -Wbool-conversion -Wformat-security -Wformat -Wformat-y2k -Wmissing-include-dirs -Wundef -Werror -Wnested-externs  -DMAXCONN=16384 -I../common -I/usr/local/include -DHAS_TLS conftest.c >&5
configure:7099: $? = 0
configure:7101: result: yes
configure:7140: checking whether gcc supports -Wold-style-definition
configure:7148: gcc -c -g -O2 -pipe -ffast-math -Wall -Wextra -Wno-sign-compare -std=c99 -Wno-unused-parameter -Wempty-body -Wnewline-eof -Wint-conversion -Winit-self -Wpointer-arith -Wswitch-bool -Wenum-conversion -Wshorten-64-to-32 -Wconstant-conversion -Wbool-conversion -Wformat-security -Wformat -Wformat-y2k -Wmissing-include-dirs -Wundef -Wnested-externs -Werror -Wold-style-definition  -DMAXCONN=16384 -I../common -I/usr/local/include -DHAS_TLS conftest.c >&5
configure:7148: $? = 0
configure:7150: result: yes
configure:7189: checking whether gcc supports -Woverlength-strings
configure:7197: gcc -c -g -O2 -pipe -ffast-math -Wall -Wextra -Wno-sign-compare -std=c99 -Wno-unused-parameter -Wempty-body -Wnewline-eof -Wint-conversion -Winit-self -Wpointer-arith -Wswitch-bool -Wenum-conversion -Wshorten-64-to-32 -Wconstant-conversion -Wbool-conversion -Wformat-security -Wformat -Wformat-y2k -Wmissing-include-dirs -Wundef -Wnested-externs -Wold-style-definition -Werror -Woverlength-strings  -DMAXCONN=16384 -I../common -I/usr/local/include -DHAS_TLS conftest.c >&5
configure:7197: $? = 0
configure:7199: result: yes
configure:7238: checking whether gcc supports -Wredundant-decls
configure:7246: gcc -c -g -O2 -pipe -ffast-math -Wall -Wextra -Wno-sign-compare -std=c99 -Wno-unused-parameter -Wempty-body -Wnewline-eof -Wint-conversion -Winit-self -Wpointer-arith -Wswitch-bool -Wenum-conversion -Wshorten-64-to-32 -Wconstant-conversion -Wbool-conversion -Wformat-security -Wformat -Wformat-y2k -Wmissing-include-dirs -Wundef -Wnested-externs -Wold-style-definition -Woverlength-strings -Werror -Wredundant-decls  -DMAXCONN=16384 -I../common -I/usr/local/include -DHAS_TLS conftest.c >&5
configure:7246: $? = 0
configure:7248: result: yes
configure:7287: checking whether gcc supports -Wcast-qual
configure:7295: gcc -c -g -O2 -pipe -ffast-math -Wall -Wextra -Wno-sign-compare -std=c99 -Wno-unused-parameter -Wempty-body -Wnewline-eof -Wint-conversion -Winit-self -Wpointer-arith -Wswitch-bool -Wenum-conversion -Wshorten-64-to-32 -Wconstant-conversion -Wbool-conversion -Wformat-security -Wformat -Wformat-y2k -Wmissing-include-dirs -Wundef -Wnested-externs -Wold-style-definition -Woverlength-strings -Wredundant-decls -Werror -Wcast-qual  -DMAXCONN=16384 -I../common -I/usr/local/include -DHAS_TLS conftest.c >&5
configure:7295: $? = 0
configure:7297: result: yes
configure:7336: checking whether gcc supports -Wmisleading-indentation
configure:7344: gcc -c -g -O2 -pipe -ffast-math -Wall -Wextra -Wno-sign-compare -std=c99 -Wno-unused-parameter -Wempty-body -Wnewline-eof -Wint-conversion -Winit-self -Wpointer-arith -Wswitch-bool -Wenum-conversion -Wshorten-64-to-32 -Wconstant-conversion -Wbool-conversion -Wformat-security -Wformat -Wformat-y2k -Wmissing-include-dirs -Wundef -Wnested-externs -Wold-style-definition -Woverlength-strings -Wredundant-decls -Wcast-qual -Werror -Wmisleading-indentation  -DMAXCONN=16384 -I../common -I/usr/local/include -DHAS_TLS conftest.c >&5
error: unknown warning option '-Wmisleading-indentation'; did you mean '-Wmissing-declarations'? [-Werror,-Wunknown-warning-option]
configure:7344: $? = 1
configure: failed program was:
| /* confdefs.h */
| #define PACKAGE_NAME ""
| #define PACKAGE_TARNAME ""
| #define PACKAGE_VERSION ""
| #define PACKAGE_STRING ""
| #define PACKAGE_BUGREPORT ""
| #define PACKAGE_URL ""
| #define STDC_HEADERS 1
| #define HAVE_SYS_TYPES_H 1
| #define HAVE_SYS_STAT_H 1
| #define HAVE_STDLIB_H 1
| #define HAVE_STRING_H 1
| #define HAVE_MEMORY_H 1
| #define HAVE_STRINGS_H 1
| #define HAVE_INTTYPES_H 1
| #define HAVE_STDINT_H 1
| #define HAVE_UNISTD_H 1
| #define __EXTENSIONS__ 1
| #define _ALL_SOURCE 1
| #define _GNU_SOURCE 1
| #define _POSIX_PTHREAD_SEMANTICS 1
| #define _TANDEM_SOURCE 1
| /* end confdefs.h.  */
| int foo;
configure:7375: result: no
configure:7385: checking whether gcc supports -Wnull-dereference
configure:7393: gcc -c -g -O2 -pipe -ffast-math -Wall -Wextra -Wno-sign-compare -std=c99 -Wno-unused-parameter -Wempty-body -Wnewline-eof -Wint-conversion -Winit-self -Wpointer-arith -Wswitch-bool -Wenum-conversion -Wshorten-64-to-32 -Wconstant-conversion -Wbool-conversion -Wformat-security -Wformat -Wformat-y2k -Wmissing-include-dirs -Wundef -Wnested-externs -Wold-style-definition -Woverlength-strings -Wredundant-decls -Wcast-qual -Werror -Wnull-dereference  -DMAXCONN=16384 -I../common -I/usr/local/include -DHAS_TLS conftest.c >&5
configure:7393: $? = 0
configure:7395: result: yes
configure:7434: checking whether gcc supports -Wno-format-nonliteral
configure:7442: gcc -c -g -O2 -pipe -ffast-math -Wall -Wextra -Wno-sign-compare -std=c99 -Wno-unused-parameter -Wempty-body -Wnewline-eof -Wint-conversion -Winit-self -Wpointer-arith -Wswitch-bool -Wenum-conversion -Wshorten-64-to-32 -Wconstant-conversion -Wbool-conversion -Wformat-security -Wformat -Wformat-y2k -Wmissing-include-dirs -Wundef -Wnested-externs -Wold-style-definition -Woverlength-strings -Wredundant-decls -Wcast-qual -Wnull-dereference -Werror -Wno-format-nonliteral  -DMAXCONN=16384 -I../common -I/usr/local/include -DHAS_TLS conftest.c >&5
configure:7442: $? = 0
configure:7452: gcc -c -g -O2 -pipe -ffast-math -Wall -Wextra -Wno-sign-compare -std=c99 -Wno-unused-parameter -Wempty-body -Wnewline-eof -Wint-conversion -Winit-self -Wpointer-arith -Wswitch-bool -Wenum-conversion -Wshorten-64-to-32 -Wconstant-conversion -Wbool-conversion -Wformat-security -Wformat -Wformat-y2k -Wmissing-include-dirs -Wundef -Wnested-externs -Wold-style-definition -Woverlength-strings -Wredundant-decls -Wcast-qual -Wnull-dereference -Werror -Wformat-nonliteral  -DMAXCONN=16384 -I../common -I/usr/local/include -DHAS_TLS conftest.c >&5
configure:7452: $? = 0
configure:7454: result: yes
configure:7522: checking whether gcc supports -Wno-switch
configure:7530: gcc -c -g -O2 -pipe -ffast-math -Wall -Wextra -Wno-sign-compare -std=c99 -Wno-unused-parameter -Wempty-body -Wnewline-eof -Wint-conversion -Winit-self -Wpointer-arith -Wswitch-bool -Wenum-conversion -Wshorten-64-to-32 -Wconstant-conversion -Wbool-conversion -Wformat-security -Wformat -Wformat-y2k -Wmissing-include-dirs -Wundef -Wnested-externs -Wold-style-definition -Woverlength-strings -Wredundant-decls -Wcast-qual -Wnull-dereference -Wno-format-nonliteral -Werror -Wno-switch  -DMAXCONN=16384 -I../common -I/usr/local/include -DHAS_TLS conftest.c >&5
configure:7530: $? = 0
configure:7540: gcc -c -g -O2 -pipe -ffast-math -Wall -Wextra -Wno-sign-compare -std=c99 -Wno-unused-parameter -Wempty-body -Wnewline-eof -Wint-conversion -Winit-self -Wpointer-arith -Wswitch-bool -Wenum-conversion -Wshorten-64-to-32 -Wconstant-conversion -Wbool-conversion -Wformat-security -Wformat -Wformat-y2k -Wmissing-include-dirs -Wundef -Wnested-externs -Wold-style-definition -Woverlength-strings -Wredundant-decls -Wcast-qual -Wnull-dereference -Wno-format-nonliteral -Werror -Wswitch  -DMAXCONN=16384 -I../common -I/usr/local/include -DHAS_TLS conftest.c >&5
configure:7540: $? = 0
configure:7542: result: yes
configure:7610: checking whether gcc supports -Wno-missing-field-initializers
configure:7618: gcc -c -g -O2 -pipe -ffast-math -Wall -Wextra -Wno-sign-compare -std=c99 -Wno-unused-parameter -Wempty-body -Wnewline-eof -Wint-conversion -Winit-self -Wpointer-arith -Wswitch-bool -Wenum-conversion -Wshorten-64-to-32 -Wconstant-conversion -Wbool-conversion -Wformat-security -Wformat -Wformat-y2k -Wmissing-include-dirs -Wundef -Wnested-externs -Wold-style-definition -Woverlength-strings -Wredundant-decls -Wcast-qual -Wnull-dereference -Wno-format-nonliteral -Wno-switch -Werror -Wno-missing-field-initializers  -DMAXCONN=16384 -I../common -I/usr/local/include -DHAS_TLS conftest.c >&5
configure:7618: $? = 0
configure:7628: gcc -c -g -O2 -pipe -ffast-math -Wall -Wextra -Wno-sign-compare -std=c99 -Wno-unused-parameter -Wempty-body -Wnewline-eof -Wint-conversion -Winit-self -Wpointer-arith -Wswitch-bool -Wenum-conversion -Wshorten-64-to-32 -Wconstant-conversion -Wbool-conversion -Wformat-security -Wformat -Wformat-y2k -Wmissing-include-dirs -Wundef -Wnested-externs -Wold-style-definition -Woverlength-strings -Wredundant-decls -Wcast-qual -Wnull-dereference -Wno-format-nonliteral -Wno-switch -Werror -Wmissing-field-initializers  -DMAXCONN=16384 -I../common -I/usr/local/include -DHAS_TLS conftest.c >&5
configure:7628: $? = 0
configure:7630: result: yes
configure:7698: checking whether gcc supports -Wno-suggest-attribute=format
configure:7706: gcc -c -g -O2 -pipe -ffast-math -Wall -Wextra -Wno-sign-compare -std=c99 -Wno-unused-parameter -Wempty-body -Wnewline-eof -Wint-conversion -Winit-self -Wpointer-arith -Wswitch-bool -Wenum-conversion -Wshorten-64-to-32 -Wconstant-conversion -Wbool-conversion -Wformat-security -Wformat -Wformat-y2k -Wmissing-include-dirs -Wundef -Wnested-externs -Wold-style-definition -Woverlength-strings -Wredundant-decls -Wcast-qual -Wnull-dereference -Wno-format-nonliteral -Wno-switch -Wno-missing-field-initializers -Werror -Wno-suggest-attribute=format  -DMAXCONN=16384 -I../common -I/usr/local/include -DHAS_TLS conftest.c >&5
error: unknown warning option '-Wno-suggest-attribute=format'; did you mean '-Wno-property-attribute-mismatch'? [-Werror,-Wunknown-warning-option]
configure:7706: $? = 1
configure: failed program was:
| /* confdefs.h */
| #define PACKAGE_NAME ""
| #define PACKAGE_TARNAME ""
| #define PACKAGE_VERSION ""
| #define PACKAGE_STRING ""
| #define PACKAGE_BUGREPORT ""
| #define PACKAGE_URL ""
| #define STDC_HEADERS 1
| #define HAVE_SYS_TYPES_H 1
| #define HAVE_SYS_STAT_H 1
| #define HAVE_STDLIB_H 1
| #define HAVE_STRING_H 1
| #define HAVE_MEMORY_H 1
| #define HAVE_STRINGS_H 1
| #define HAVE_INTTYPES_H 1
| #define HAVE_STDINT_H 1
| #define HAVE_UNISTD_H 1
| #define __EXTENSIONS__ 1
| #define _ALL_SOURCE 1
| #define _GNU_SOURCE 1
| #define _POSIX_PTHREAD_SEMANTICS 1
| #define _TANDEM_SOURCE 1
| /* end confdefs.h.  */
| int foo;
configure:7776: result: no
configure:7791: checking whether gcc supports -Wshadow
configure:7799: gcc -c -g -O2 -pipe -ffast-math -Wall -Wextra -Wno-sign-compare -std=c99 -Wno-unused-parameter -Wempty-body -Wnewline-eof -Wint-conversion -Winit-self -Wpointer-arith -Wswitch-bool -Wenum-conversion -Wshorten-64-to-32 -Wconstant-conversion -Wbool-conversion -Wformat-security -Wformat -Wformat-y2k -Wmissing-include-dirs -Wundef -Wnested-externs -Wold-style-definition -Woverlength-strings -Wredundant-decls -Wcast-qual -Wnull-dereference -Wno-format-nonliteral -Wno-switch -Wno-missing-field-initializers -Werror -Wshadow  -DMAXCONN=16384 -I../common -I/usr/local/include -DHAS_TLS conftest.c >&5
configure:7799: $? = 0
configure:7801: result: yes
configure:7840: checking whether gcc can efficiently use -Wshadow
configure:7856: gcc -c -g -O2 -pipe -ffast-math -Wall -Wextra -Wno-sign-compare -std=c99 -Wno-unused-parameter -Wempty-body -Wnewline-eof -Wint-conversion -Winit-self -Wpointer-arith -Wswitch-bool -Wenum-conversion -Wshorten-64-to-32 -Wconstant-conversion -Wbool-conversion -Wformat-security -Wformat -Wformat-y2k -Wmissing-include-dirs -Wundef -Wnested-externs -Wold-style-definition -Woverlength-strings -Wredundant-decls -Wcast-qual -Wnull-dereference -Wno-format-nonliteral -Wno-switch -Wno-missing-field-initializers -Wshadow -Werror -Wshadow  -DMAXCONN=16384 -I../common -I/usr/local/include -DHAS_TLS conftest.c >&5
configure:7856: $? = 0
configure:7858: result: yes
configure:7873: checking whether gcc supports -fPIC
configure:7881: gcc -c -g -O2 -pipe -ffast-math -Wall -Wextra -Wno-sign-compare -std=c99 -Wno-unused-parameter -Wempty-body -Wnewline-eof -Wint-conversion -Winit-self -Wpointer-arith -Wswitch-bool -Wenum-conversion -Wshorten-64-to-32 -Wconstant-conversion -Wbool-conversion -Wformat-security -Wformat -Wformat-y2k -Wmissing-include-dirs -Wundef -Wnested-externs -Wold-style-definition -Woverlength-strings -Wredundant-decls -Wcast-qual -Wnull-dereference -Wno-format-nonliteral -Wno-switch -Wno-missing-field-initializers -Wshadow -fPIC  -DMAXCONN=16384 -I../common -I/usr/local/include -DHAS_TLS conftest.c >&5
configure:7881: $? = 0
configure:7883: result: yes
configure:7900: checking how to make shared objects
configure:7919: gcc -o conftest -g -O2 -pipe -ffast-math -Wall -Wextra -Wno-sign-compare -std=c99 -Wno-unused-parameter -Wempty-body -Wnewline-eof -Wint-conversion -Winit-self -Wpointer-arith -Wswitch-bool -Wenum-conversion -Wshorten-64-to-32 -Wconstant-conversion -Wbool-conversion -Wformat-security -Wformat -Wformat-y2k -Wmissing-include-dirs -Wundef -Wnested-externs -Wold-style-definition -Woverlength-strings -Wredundant-decls -Wcast-qual -Wnull-dereference -Wno-format-nonliteral -Wno-switch -Wno-missing-field-initializers -Wshadow  -fPIC -shared  -DMAXCONN=16384 -I../common -I/usr/local/include -DHAS_TLS  -L/usr/local/lib -rdynamic conftest.c  >&5
configure:7919: $? = 0
configure:7941: gcc -o conftest -g -O2 -pipe -ffast-math -Wall -Wextra -Wno-sign-compare -std=c99 -Wno-unused-parameter -Wempty-body -Wnewline-eof -Wint-conversion -Winit-self -Wpointer-arith -Wswitch-bool -Wenum-conversion -Wshorten-64-to-32 -Wconstant-conversion -Wbool-conversion -Wformat-security -Wformat -Wformat-y2k -Wmissing-include-dirs -Wundef -Wnested-externs -Wold-style-definition -Woverlength-strings -Wredundant-decls -Wcast-qual -Wnull-dereference -Wno-format-nonliteral -Wno-switch -Wno-missing-field-initializers -Wshadow  -fPIC -nostart  -DMAXCONN=16384 -I../common -I/usr/local/include -DHAS_TLS  -L/usr/local/lib -rdynamic conftest.c  >&5
clang: error: unknown argument: '-nostart'
configure:7941: $? = 1
configure: failed program was:
| /* confdefs.h */
| #define PACKAGE_NAME ""
| #define PACKAGE_TARNAME ""
| #define PACKAGE_VERSION ""
| #define PACKAGE_STRING ""
| #define PACKAGE_BUGREPORT ""
| #define PACKAGE_URL ""
| #define STDC_HEADERS 1
| #define HAVE_SYS_TYPES_H 1
| #define HAVE_SYS_STAT_H 1
| #define HAVE_STDLIB_H 1
| #define HAVE_STRING_H 1
| #define HAVE_MEMORY_H 1
| #define HAVE_STRINGS_H 1
| #define HAVE_INTTYPES_H 1
| #define HAVE_STDINT_H 1
| #define HAVE_UNISTD_H 1
| #define __EXTENSIONS__ 1
| #define _ALL_SOURCE 1
| #define _GNU_SOURCE 1
| #define _POSIX_PTHREAD_SEMANTICS 1
| #define _TANDEM_SOURCE 1
| /* end confdefs.h.  */
| 
| 		int bar = 0;
| 
| 		int foo(void)
| 		{
| 			return bar;
| 		}
| 
configure:7958: result: -shared yes
configure:7967: checking whether gcc needs -Wl,--no-undefined to check for undefined references in shared objects
configure:7979: gcc -o conftest  -fPIC -shared  -DMAXCONN=16384 -I../common -I/usr/local/include -DHAS_TLS  -L/usr/local/lib -rdynamic conftest.c  >&5
conftest.c:26:5: warning: implicit declaration of function 'foobar' is invalid in C99 [-Wimplicit-function-declaration]
                                foobar();
                                ^
1 warning generated.
Undefined symbols for architecture x86_64:
  "_foobar", referenced from:
      _foo in conftest-af487e.o
ld: symbol(s) not found for architecture x86_64
clang: error: linker command failed with exit code 1 (use -v to see invocation)
configure:7979: $? = 1
configure: failed program was:
| /* confdefs.h */
| #define PACKAGE_NAME ""
| #define PACKAGE_TARNAME ""
| #define PACKAGE_VERSION ""
| #define PACKAGE_STRING ""
| #define PACKAGE_BUGREPORT ""
| #define PACKAGE_URL ""
| #define STDC_HEADERS 1
| #define HAVE_SYS_TYPES_H 1
| #define HAVE_SYS_STAT_H 1
| #define HAVE_STDLIB_H 1
| #define HAVE_STRING_H 1
| #define HAVE_MEMORY_H 1
| #define HAVE_STRINGS_H 1
| #define HAVE_INTTYPES_H 1
| #define HAVE_STDINT_H 1
| #define HAVE_UNISTD_H 1
| #define __EXTENSIONS__ 1
| #define _ALL_SOURCE 1
| #define _GNU_SOURCE 1
| #define _POSIX_PTHREAD_SEMANTICS 1
| #define _TANDEM_SOURCE 1
| /* end confdefs.h.  */
| 
| 			void foo(void) {
| 				foobar();
| 			}
| 
configure:8010: result: no
configure:8027: checking whether gcc supports -fno-strict-aliasing
configure:8035: gcc -c -g -O2 -pipe -ffast-math -Wall -Wextra -Wno-sign-compare -std=c99 -Wno-unused-parameter -Wempty-body -Wnewline-eof -Wint-conversion -Winit-self -Wpointer-arith -Wswitch-bool -Wenum-conversion -Wshorten-64-to-32 -Wconstant-conversion -Wbool-conversion -Wformat-security -Wformat -Wformat-y2k -Wmissing-include-dirs -Wundef -Wnested-externs -Wold-style-definition -Woverlength-strings -Wredundant-decls -Wcast-qual -Wnull-dereference -Wno-format-nonliteral -Wno-switch -Wno-missing-field-initializers -Wshadow -fno-strict-aliasing  -DMAXCONN=16384 -I../common -I/usr/local/include -DHAS_TLS conftest.c >&5
configure:8035: $? = 0
configure:8036: result: yes
configure:8057: checking for setrlimit
configure:8057: gcc -o conftest -g -O2 -pipe -ffast-math -Wall -Wextra -Wno-sign-compare -std=c99 -Wno-unused-parameter -Wempty-body -Wnewline-eof -Wint-conversion -Winit-self -Wpointer-arith -Wswitch-bool -Wenum-conversion -Wshorten-64-to-32 -Wconstant-conversion -Wbool-conversion -Wformat-security -Wformat -Wformat-y2k -Wmissing-include-dirs -Wundef -Wnested-externs -Wold-style-definition -Woverlength-strings -Wredundant-decls -Wcast-qual -Wnull-dereference -Wno-format-nonliteral -Wno-switch -Wno-missing-field-initializers -Wshadow -fno-strict-aliasing  -DMAXCONN=16384 -I../common -I/usr/local/include -DHAS_TLS  -L/usr/local/lib -rdynamic conftest.c  >&5
configure:8057: $? = 0
configure:8057: result: yes
configure:8067: checking for strnlen
configure:8067: gcc -o conftest -g -O2 -pipe -ffast-math -Wall -Wextra -Wno-sign-compare -std=c99 -Wno-unused-parameter -Wempty-body -Wnewline-eof -Wint-conversion -Winit-self -Wpointer-arith -Wswitch-bool -Wenum-conversion -Wshorten-64-to-32 -Wconstant-conversion -Wbool-conversion -Wformat-security -Wformat -Wformat-y2k -Wmissing-include-dirs -Wundef -Wnested-externs -Wold-style-definition -Woverlength-strings -Wredundant-decls -Wcast-qual -Wnull-dereference -Wno-format-nonliteral -Wno-switch -Wno-missing-field-initializers -Wshadow -fno-strict-aliasing  -DMAXCONN=16384 -I../common -I/usr/local/include -DHAS_TLS -DHAVE_SETRLIMIT  -L/usr/local/lib -rdynamic conftest.c  >&5
configure:8067: $? = 0
configure:8067: result: yes
configure:8076: checking for uselocale
configure:8076: gcc -o conftest -g -O2 -pipe -ffast-math -Wall -Wextra -Wno-sign-compare -std=c99 -Wno-unused-parameter -Wempty-body -Wnewline-eof -Wint-conversion -Winit-self -Wpointer-arith -Wswitch-bool -Wenum-conversion -Wshorten-64-to-32 -Wconstant-conversion -Wbool-conversion -Wformat-security -Wformat -Wformat-y2k -Wmissing-include-dirs -Wundef -Wnested-externs -Wold-style-definition -Woverlength-strings -Wredundant-decls -Wcast-qual -Wnull-dereference -Wno-format-nonliteral -Wno-switch -Wno-missing-field-initializers -Wshadow -fno-strict-aliasing  -DMAXCONN=16384 -I../common -I/usr/local/include -DHAS_TLS -DHAVE_SETRLIMIT -DHAVE_STRNLEN  -L/usr/local/lib -rdynamic conftest.c  >&5
configure:8076: $? = 0
configure:8076: result: yes
configure:8087: checking for newlocale
configure:8087: gcc -o conftest -g -O2 -pipe -ffast-math -Wall -Wextra -Wno-sign-compare -std=c99 -Wno-unused-parameter -Wempty-body -Wnewline-eof -Wint-conversion -Winit-self -Wpointer-arith -Wswitch-bool -Wenum-conversion -Wshorten-64-to-32 -Wconstant-conversion -Wbool-conversion -Wformat-security -Wformat -Wformat-y2k -Wmissing-include-dirs -Wundef -Wnested-externs -Wold-style-definition -Woverlength-strings -Wredundant-decls -Wcast-qual -Wnull-dereference -Wno-format-nonliteral -Wno-switch -Wno-missing-field-initializers -Wshadow -fno-strict-aliasing  -DMAXCONN=16384 -I../common -I/usr/local/include -DHAS_TLS -DHAVE_SETRLIMIT -DHAVE_STRNLEN  -L/usr/local/lib -rdynamic conftest.c  >&5
configure:8087: $? = 0
configure:8087: result: yes
configure:8098: checking for freelocale
configure:8098: gcc -o conftest -g -O2 -pipe -ffast-math -Wall -Wextra -Wno-sign-compare -std=c99 -Wno-unused-parameter -Wempty-body -Wnewline-eof -Wint-conversion -Winit-self -Wpointer-arith -Wswitch-bool -Wenum-conversion -Wshorten-64-to-32 -Wconstant-conversion -Wbool-conversion -Wformat-security -Wformat -Wformat-y2k -Wmissing-include-dirs -Wundef -Wnested-externs -Wold-style-definition -Woverlength-strings -Wredundant-decls -Wcast-qual -Wnull-dereference -Wno-format-nonliteral -Wno-switch -Wno-missing-field-initializers -Wshadow -fno-strict-aliasing  -DMAXCONN=16384 -I../common -I/usr/local/include -DHAS_TLS -DHAVE_SETRLIMIT -DHAVE_STRNLEN  -L/usr/local/lib -rdynamic conftest.c  >&5
configure:8098: $? = 0
configure:8098: result: yes
configure:8109: checking xlocale.h usability
configure:8109: gcc -c -g -O2 -pipe -ffast-math -Wall -Wextra -Wno-sign-compare -std=c99 -Wno-unused-parameter -Wempty-body -Wnewline-eof -Wint-conversion -Winit-self -Wpointer-arith -Wswitch-bool -Wenum-conversion -Wshorten-64-to-32 -Wconstant-conversion -Wbool-conversion -Wformat-security -Wformat -Wformat-y2k -Wmissing-include-dirs -Wundef -Wnested-externs -Wold-style-definition -Woverlength-strings -Wredundant-decls -Wcast-qual -Wnull-dereference -Wno-format-nonliteral -Wno-switch -Wno-missing-field-initializers -Wshadow -fno-strict-aliasing  -DMAXCONN=16384 -I../common -I/usr/local/include -DHAS_TLS -DHAVE_SETRLIMIT -DHAVE_STRNLEN conftest.c >&5
configure:8109: $? = 0
configure:8109: result: yes
configure:8109: checking xlocale.h presence
configure:8109: gcc -E  -DMAXCONN=16384 -I../common -I/usr/local/include -DHAS_TLS -DHAVE_SETRLIMIT -DHAVE_STRNLEN conftest.c
configure:8109: $? = 0
configure:8109: result: yes
configure:8109: checking for xlocale.h
configure:8109: result: yes
configure:8221: checking whether gcc supports -fno-omit-frame-pointer
configure:8231: gcc -c -g -O2 -pipe -ffast-math -Wall -Wextra -Wno-sign-compare -std=c99 -Wno-unused-parameter -Wempty-body -Wnewline-eof -Wint-conversion -Winit-self -Wpointer-arith -Wswitch-bool -Wenum-conversion -Wshorten-64-to-32 -Wconstant-conversion -Wbool-conversion -Wformat-security -Wformat -Wformat-y2k -Wmissing-include-dirs -Wundef -Wnested-externs -Wold-style-definition -Woverlength-strings -Wredundant-decls -Wcast-qual -Wnull-dereference -Wno-format-nonliteral -Wno-switch -Wno-missing-field-initializers -Wshadow -fno-strict-aliasing -g -fno-omit-frame-pointer  -DMAXCONN=16384 -I../common -I/usr/local/include -DHAS_TLS -DHAVE_SETRLIMIT -DHAVE_STRNLEN -DPACKETVER=20120410 -DDEBUG conftest.c >&5
configure:8231: $? = 0
configure:8233: result: yes
configure:8334: checking host OS
configure:8337: result: Darwin
configure:8365: checking for MinGW
configure:8376: result: no
configure:8385: checking for library containing inflateEnd
configure:8416: gcc -o conftest -g -O2 -pipe -ffast-math -Wall -Wextra -Wno-sign-compare -std=c99 -Wno-unused-parameter -Wempty-body -Wnewline-eof -Wint-conversion -Winit-self -Wpointer-arith -Wswitch-bool -Wenum-conversion -Wshorten-64-to-32 -Wconstant-conversion -Wbool-conversion -Wformat-security -Wformat -Wformat-y2k -Wmissing-include-dirs -Wundef -Wnested-externs -Wold-style-definition -Woverlength-strings -Wredundant-decls -Wcast-qual -Wnull-dereference -Wno-format-nonliteral -Wno-switch -Wno-missing-field-initializers -Wshadow -fno-strict-aliasing -g -fno-omit-frame-pointer  -DMAXCONN=16384 -I../common -I/usr/local/include -DHAS_TLS -DHAVE_SETRLIMIT -DHAVE_STRNLEN -DPACKETVER=20120410 -DDEBUG -DDISABLE_RENEWAL  -L/usr/local/lib -rdynamic -fno-omit-frame-pointer conftest.c  >&5
Undefined symbols for architecture x86_64:
  "_inflateEnd", referenced from:
      _main in conftest-3f639a.o
ld: symbol(s) not found for architecture x86_64
clang: error: linker command failed with exit code 1 (use -v to see invocation)
configure:8416: $? = 1
configure: failed program was:
| /* confdefs.h */
| #define PACKAGE_NAME ""
| #define PACKAGE_TARNAME ""
| #define PACKAGE_VERSION ""
| #define PACKAGE_STRING ""
| #define PACKAGE_BUGREPORT ""
| #define PACKAGE_URL ""
| #define STDC_HEADERS 1
| #define HAVE_SYS_TYPES_H 1
| #define HAVE_SYS_STAT_H 1
| #define HAVE_STDLIB_H 1
| #define HAVE_STRING_H 1
| #define HAVE_MEMORY_H 1
| #define HAVE_STRINGS_H 1
| #define HAVE_INTTYPES_H 1
| #define HAVE_STDINT_H 1
| #define HAVE_UNISTD_H 1
| #define __EXTENSIONS__ 1
| #define _ALL_SOURCE 1
| #define _GNU_SOURCE 1
| #define _POSIX_PTHREAD_SEMANTICS 1
| #define _TANDEM_SOURCE 1
| #define HAVE_USELOCALE 1
| #define HAVE_NEWLOCALE 1
| #define HAVE_FREELOCALE 1
| #define HAVE_XLOCALE_H 1
| /* end confdefs.h.  */
| 
| /* Override any GCC internal prototype to avoid an error.
|    Use char because int might match the return type of a GCC
|    builtin and then its argument prototype would still apply.  */
| #ifdef __cplusplus
| extern "C"
| #endif
| char inflateEnd ();
| int
| main ()
| {
| return inflateEnd ();
|   ;
|   return 0;
| }
configure:8416: gcc -o conftest -g -O2 -pipe -ffast-math -Wall -Wextra -Wno-sign-compare -std=c99 -Wno-unused-parameter -Wempty-body -Wnewline-eof -Wint-conversion -Winit-self -Wpointer-arith -Wswitch-bool -Wenum-conversion -Wshorten-64-to-32 -Wconstant-conversion -Wbool-conversion -Wformat-security -Wformat -Wformat-y2k -Wmissing-include-dirs -Wundef -Wnested-externs -Wold-style-definition -Woverlength-strings -Wredundant-decls -Wcast-qual -Wnull-dereference -Wno-format-nonliteral -Wno-switch -Wno-missing-field-initializers -Wshadow -fno-strict-aliasing -g -fno-omit-frame-pointer  -DMAXCONN=16384 -I../common -I/usr/local/include -DHAS_TLS -DHAVE_SETRLIMIT -DHAVE_STRNLEN -DPACKETVER=20120410 -DDEBUG -DDISABLE_RENEWAL  -L/usr/local/lib -rdynamic -fno-omit-frame-pointer conftest.c -lz   >&5
configure:8416: $? = 0
configure:8433: result: -lz
configure:8443: checking zlib.h usability
configure:8443: gcc -c -g -O2 -pipe -ffast-math -Wall -Wextra -Wno-sign-compare -std=c99 -Wno-unused-parameter -Wempty-body -Wnewline-eof -Wint-conversion -Winit-self -Wpointer-arith -Wswitch-bool -Wenum-conversion -Wshorten-64-to-32 -Wconstant-conversion -Wbool-conversion -Wformat-security -Wformat -Wformat-y2k -Wmissing-include-dirs -Wundef -Wnested-externs -Wold-style-definition -Woverlength-strings -Wredundant-decls -Wcast-qual -Wnull-dereference -Wno-format-nonliteral -Wno-switch -Wno-missing-field-initializers -Wshadow -fno-strict-aliasing -g -fno-omit-frame-pointer  -DMAXCONN=16384 -I../common -I/usr/local/include -DHAS_TLS -DHAVE_SETRLIMIT -DHAVE_STRNLEN -DPACKETVER=20120410 -DDEBUG -DDISABLE_RENEWAL conftest.c >&5
configure:8443: $? = 0
configure:8443: result: yes
configure:8443: checking zlib.h presence
configure:8443: gcc -E  -DMAXCONN=16384 -I../common -I/usr/local/include -DHAS_TLS -DHAVE_SETRLIMIT -DHAVE_STRNLEN -DPACKETVER=20120410 -DDEBUG -DDISABLE_RENEWAL conftest.c
configure:8443: $? = 0
configure:8443: result: yes
configure:8443: checking for zlib.h
configure:8443: result: yes
configure:8456: checking for library containing sqrt
configure:8487: gcc -o conftest -g -O2 -pipe -ffast-math -Wall -Wextra -Wno-sign-compare -std=c99 -Wno-unused-parameter -Wempty-body -Wnewline-eof -Wint-conversion -Winit-self -Wpointer-arith -Wswitch-bool -Wenum-conversion -Wshorten-64-to-32 -Wconstant-conversion -Wbool-conversion -Wformat-security -Wformat -Wformat-y2k -Wmissing-include-dirs -Wundef -Wnested-externs -Wold-style-definition -Woverlength-strings -Wredundant-decls -Wcast-qual -Wnull-dereference -Wno-format-nonliteral -Wno-switch -Wno-missing-field-initializers -Wshadow -fno-strict-aliasing -g -fno-omit-frame-pointer  -DMAXCONN=16384 -I../common -I/usr/local/include -DHAS_TLS -DHAVE_SETRLIMIT -DHAVE_STRNLEN -DPACKETVER=20120410 -DDEBUG -DDISABLE_RENEWAL  -L/usr/local/lib -rdynamic -fno-omit-frame-pointer conftest.c -lz  >&5
conftest.c:35:6: warning: incompatible redeclaration of library function 'sqrt' [-Wincompatible-library-redeclaration]
char sqrt ();
     ^
conftest.c:35:6: note: 'sqrt' is a builtin with type 'double (double)'
1 warning generated.
configure:8487: $? = 0
configure:8504: result: none required
configure:8519: checking for library containing clock_gettime
configure:8550: gcc -o conftest -g -O2 -pipe -ffast-math -Wall -Wextra -Wno-sign-compare -std=c99 -Wno-unused-parameter -Wempty-body -Wnewline-eof -Wint-conversion -Winit-self -Wpointer-arith -Wswitch-bool -Wenum-conversion -Wshorten-64-to-32 -Wconstant-conversion -Wbool-conversion -Wformat-security -Wformat -Wformat-y2k -Wmissing-include-dirs -Wundef -Wnested-externs -Wold-style-definition -Woverlength-strings -Wredundant-decls -Wcast-qual -Wnull-dereference -Wno-format-nonliteral -Wno-switch -Wno-missing-field-initializers -Wshadow -fno-strict-aliasing -g -fno-omit-frame-pointer  -DMAXCONN=16384 -I../common -I/usr/local/include -DHAS_TLS -DHAVE_SETRLIMIT -DHAVE_STRNLEN -DPACKETVER=20120410 -DDEBUG -DDISABLE_RENEWAL  -L/usr/local/lib -rdynamic -fno-omit-frame-pointer conftest.c -lz  >&5
configure:8550: $? = 0
configure:8567: result: none required
configure:8586: checking whether CLOCK_MONOTONIC is supported and works
configure:8609: gcc -o conftest -g -O2 -pipe -ffast-math -Wall -Wextra -Wno-sign-compare -std=c99 -Wno-unused-parameter -Wempty-body -Wnewline-eof -Wint-conversion -Winit-self -Wpointer-arith -Wswitch-bool -Wenum-conversion -Wshorten-64-to-32 -Wconstant-conversion -Wbool-conversion -Wformat-security -Wformat -Wformat-y2k -Wmissing-include-dirs -Wundef -Wnested-externs -Wold-style-definition -Woverlength-strings -Wredundant-decls -Wcast-qual -Wnull-dereference -Wno-format-nonliteral -Wno-switch -Wno-missing-field-initializers -Wshadow -fno-strict-aliasing -g -fno-omit-frame-pointer  -DMAXCONN=16384 -I../common -I/usr/local/include -DHAS_TLS -DHAVE_SETRLIMIT -DHAVE_STRNLEN -DPACKETVER=20120410 -DDEBUG -DDISABLE_RENEWAL  -L/usr/local/lib -rdynamic -fno-omit-frame-pointer conftest.c -lz  >&5
configure:8609: $? = 0
configure:8609: ./conftest
configure:8609: $? = 0
configure:8611: result: yes
configure:8633: checking for library containing pthread_create
configure:8664: gcc -o conftest -g -O2 -pipe -ffast-math -Wall -Wextra -Wno-sign-compare -std=c99 -Wno-unused-parameter -Wempty-body -Wnewline-eof -Wint-conversion -Winit-self -Wpointer-arith -Wswitch-bool -Wenum-conversion -Wshorten-64-to-32 -Wconstant-conversion -Wbool-conversion -Wformat-security -Wformat -Wformat-y2k -Wmissing-include-dirs -Wundef -Wnested-externs -Wold-style-definition -Woverlength-strings -Wredundant-decls -Wcast-qual -Wnull-dereference -Wno-format-nonliteral -Wno-switch -Wno-missing-field-initializers -Wshadow -fno-strict-aliasing -g -fno-omit-frame-pointer  -DMAXCONN=16384 -I../common -I/usr/local/include -DHAS_TLS -DHAVE_SETRLIMIT -DHAVE_STRNLEN -DPACKETVER=20120410 -DDEBUG -DDISABLE_RENEWAL -DHAVE_MONOTONIC_CLOCK  -L/usr/local/lib -rdynamic -fno-omit-frame-pointer conftest.c -lz  >&5
configure:8664: $? = 0
configure:8681: result: none required
configure:8691: checking for library containing pthread_sigmask
configure:8722: gcc -o conftest -g -O2 -pipe -ffast-math -Wall -Wextra -Wno-sign-compare -std=c99 -Wno-unused-parameter -Wempty-body -Wnewline-eof -Wint-conversion -Winit-self -Wpointer-arith -Wswitch-bool -Wenum-conversion -Wshorten-64-to-32 -Wconstant-conversion -Wbool-conversion -Wformat-security -Wformat -Wformat-y2k -Wmissing-include-dirs -Wundef -Wnested-externs -Wold-style-definition -Woverlength-strings -Wredundant-decls -Wcast-qual -Wnull-dereference -Wno-format-nonliteral -Wno-switch -Wno-missing-field-initializers -Wshadow -fno-strict-aliasing -g -fno-omit-frame-pointer  -DMAXCONN=16384 -I../common -I/usr/local/include -DHAS_TLS -DHAVE_SETRLIMIT -DHAVE_STRNLEN -DPACKETVER=20120410 -DDEBUG -DDISABLE_RENEWAL -DHAVE_MONOTONIC_CLOCK  -L/usr/local/lib -rdynamic -fno-omit-frame-pointer conftest.c -lz  >&5
configure:8722: $? = 0
configure:8739: result: none required
configure:8749: checking for library containing pthread_attr_init
configure:8780: gcc -o conftest -g -O2 -pipe -ffast-math -Wall -Wextra -Wno-sign-compare -std=c99 -Wno-unused-parameter -Wempty-body -Wnewline-eof -Wint-conversion -Winit-self -Wpointer-arith -Wswitch-bool -Wenum-conversion -Wshorten-64-to-32 -Wconstant-conversion -Wbool-conversion -Wformat-security -Wformat -Wformat-y2k -Wmissing-include-dirs -Wundef -Wnested-externs -Wold-style-definition -Woverlength-strings -Wredundant-decls -Wcast-qual -Wnull-dereference -Wno-format-nonliteral -Wno-switch -Wno-missing-field-initializers -Wshadow -fno-strict-aliasing -g -fno-omit-frame-pointer  -DMAXCONN=16384 -I../common -I/usr/local/include -DHAS_TLS -DHAVE_SETRLIMIT -DHAVE_STRNLEN -DPACKETVER=20120410 -DDEBUG -DDISABLE_RENEWAL -DHAVE_MONOTONIC_CLOCK  -L/usr/local/lib -rdynamic -fno-omit-frame-pointer conftest.c -lz  >&5
configure:8780: $? = 0
configure:8797: result: none required
configure:8807: checking for library containing pthread_attr_setstacksize
configure:8838: gcc -o conftest -g -O2 -pipe -ffast-math -Wall -Wextra -Wno-sign-compare -std=c99 -Wno-unused-parameter -Wempty-body -Wnewline-eof -Wint-conversion -Winit-self -Wpointer-arith -Wswitch-bool -Wenum-conversion -Wshorten-64-to-32 -Wconstant-conversion -Wbool-conversion -Wformat-security -Wformat -Wformat-y2k -Wmissing-include-dirs -Wundef -Wnested-externs -Wold-style-definition -Woverlength-strings -Wredundant-decls -Wcast-qual -Wnull-dereference -Wno-format-nonliteral -Wno-switch -Wno-missing-field-initializers -Wshadow -fno-strict-aliasing -g -fno-omit-frame-pointer  -DMAXCONN=16384 -I../common -I/usr/local/include -DHAS_TLS -DHAVE_SETRLIMIT -DHAVE_STRNLEN -DPACKETVER=20120410 -DDEBUG -DDISABLE_RENEWAL -DHAVE_MONOTONIC_CLOCK  -L/usr/local/lib -rdynamic -fno-omit-frame-pointer conftest.c -lz  >&5
configure:8838: $? = 0
configure:8855: result: none required
configure:8865: checking for library containing pthread_attr_destroy
configure:8896: gcc -o conftest -g -O2 -pipe -ffast-math -Wall -Wextra -Wno-sign-compare -std=c99 -Wno-unused-parameter -Wempty-body -Wnewline-eof -Wint-conversion -Winit-self -Wpointer-arith -Wswitch-bool -Wenum-conversion -Wshorten-64-to-32 -Wconstant-conversion -Wbool-conversion -Wformat-security -Wformat -Wformat-y2k -Wmissing-include-dirs -Wundef -Wnested-externs -Wold-style-definition -Woverlength-strings -Wredundant-decls -Wcast-qual -Wnull-dereference -Wno-format-nonliteral -Wno-switch -Wno-missing-field-initializers -Wshadow -fno-strict-aliasing -g -fno-omit-frame-pointer  -DMAXCONN=16384 -I../common -I/usr/local/include -DHAS_TLS -DHAVE_SETRLIMIT -DHAVE_STRNLEN -DPACKETVER=20120410 -DDEBUG -DDISABLE_RENEWAL -DHAVE_MONOTONIC_CLOCK  -L/usr/local/lib -rdynamic -fno-omit-frame-pointer conftest.c -lz  >&5
configure:8896: $? = 0
configure:8913: result: none required
configure:8923: checking for library containing pthread_cancel
configure:8954: gcc -o conftest -g -O2 -pipe -ffast-math -Wall -Wextra -Wno-sign-compare -std=c99 -Wno-unused-parameter -Wempty-body -Wnewline-eof -Wint-conversion -Winit-self -Wpointer-arith -Wswitch-bool -Wenum-conversion -Wshorten-64-to-32 -Wconstant-conversion -Wbool-conversion -Wformat-security -Wformat -Wformat-y2k -Wmissing-include-dirs -Wundef -Wnested-externs -Wold-style-definition -Woverlength-strings -Wredundant-decls -Wcast-qual -Wnull-dereference -Wno-format-nonliteral -Wno-switch -Wno-missing-field-initializers -Wshadow -fno-strict-aliasing -g -fno-omit-frame-pointer  -DMAXCONN=16384 -I../common -I/usr/local/include -DHAS_TLS -DHAVE_SETRLIMIT -DHAVE_STRNLEN -DPACKETVER=20120410 -DDEBUG -DDISABLE_RENEWAL -DHAVE_MONOTONIC_CLOCK  -L/usr/local/lib -rdynamic -fno-omit-frame-pointer conftest.c -lz  >&5
configure:8954: $? = 0
configure:8971: result: none required
configure:8981: checking for library containing pthread_join
configure:9012: gcc -o conftest -g -O2 -pipe -ffast-math -Wall -Wextra -Wno-sign-compare -std=c99 -Wno-unused-parameter -Wempty-body -Wnewline-eof -Wint-conversion -Winit-self -Wpointer-arith -Wswitch-bool -Wenum-conversion -Wshorten-64-to-32 -Wconstant-conversion -Wbool-conversion -Wformat-security -Wformat -Wformat-y2k -Wmissing-include-dirs -Wundef -Wnested-externs -Wold-style-definition -Woverlength-strings -Wredundant-decls -Wcast-qual -Wnull-dereference -Wno-format-nonliteral -Wno-switch -Wno-missing-field-initializers -Wshadow -fno-strict-aliasing -g -fno-omit-frame-pointer  -DMAXCONN=16384 -I../common -I/usr/local/include -DHAS_TLS -DHAVE_SETRLIMIT -DHAVE_STRNLEN -DPACKETVER=20120410 -DDEBUG -DDISABLE_RENEWAL -DHAVE_MONOTONIC_CLOCK  -L/usr/local/lib -rdynamic -fno-omit-frame-pointer conftest.c -lz  >&5
configure:9012: $? = 0
configure:9029: result: none required
configure:9043: checking execinfo.h usability
configure:9043: gcc -c -g -O2 -pipe -ffast-math -Wall -Wextra -Wno-sign-compare -std=c99 -Wno-unused-parameter -Wempty-body -Wnewline-eof -Wint-conversion -Winit-self -Wpointer-arith -Wswitch-bool -Wenum-conversion -Wshorten-64-to-32 -Wconstant-conversion -Wbool-conversion -Wformat-security -Wformat -Wformat-y2k -Wmissing-include-dirs -Wundef -Wnested-externs -Wold-style-definition -Woverlength-strings -Wredundant-decls -Wcast-qual -Wnull-dereference -Wno-format-nonliteral -Wno-switch -Wno-missing-field-initializers -Wshadow -fno-strict-aliasing -g -fno-omit-frame-pointer  -DMAXCONN=16384 -I../common -I/usr/local/include -DHAS_TLS -DHAVE_SETRLIMIT -DHAVE_STRNLEN -DPACKETVER=20120410 -DDEBUG -DDISABLE_RENEWAL -DHAVE_MONOTONIC_CLOCK conftest.c >&5
configure:9043: $? = 0
configure:9043: result: yes
configure:9043: checking execinfo.h presence
configure:9043: gcc -E  -DMAXCONN=16384 -I../common -I/usr/local/include -DHAS_TLS -DHAVE_SETRLIMIT -DHAVE_STRNLEN -DPACKETVER=20120410 -DDEBUG -DDISABLE_RENEWAL -DHAVE_MONOTONIC_CLOCK conftest.c
configure:9043: $? = 0
configure:9043: result: yes
configure:9043: checking for execinfo.h
configure:9043: result: yes
configure:9049: checking for library containing backtrace
configure:9080: gcc -o conftest -g -O2 -pipe -ffast-math -Wall -Wextra -Wno-sign-compare -std=c99 -Wno-unused-parameter -Wempty-body -Wnewline-eof -Wint-conversion -Winit-self -Wpointer-arith -Wswitch-bool -Wenum-conversion -Wshorten-64-to-32 -Wconstant-conversion -Wbool-conversion -Wformat-security -Wformat -Wformat-y2k -Wmissing-include-dirs -Wundef -Wnested-externs -Wold-style-definition -Woverlength-strings -Wredundant-decls -Wcast-qual -Wnull-dereference -Wno-format-nonliteral -Wno-switch -Wno-missing-field-initializers -Wshadow -fno-strict-aliasing -g -fno-omit-frame-pointer  -DMAXCONN=16384 -I../common -I/usr/local/include -DHAS_TLS -DHAVE_SETRLIMIT -DHAVE_STRNLEN -DPACKETVER=20120410 -DDEBUG -DDISABLE_RENEWAL -DHAVE_MONOTONIC_CLOCK  -L/usr/local/lib -rdynamic -fno-omit-frame-pointer conftest.c -lz  >&5
configure:9080: $? = 0
configure:9097: result: none required
configure:9120: checking for mysql_config
configure:9138: found /usr/local/bin/mysql_config
configure:9151: result: /usr/local/bin/mysql_config
configure:9175: checking for mysql_init
configure:9175: gcc -o conftest -g -O2 -pipe -ffast-math -Wall -Wextra -Wno-sign-compare -std=c99 -Wno-unused-parameter -Wempty-body -Wnewline-eof -Wint-conversion -Winit-self -Wpointer-arith -Wswitch-bool -Wenum-conversion -Wshorten-64-to-32 -Wconstant-conversion -Wbool-conversion -Wformat-security -Wformat -Wformat-y2k -Wmissing-include-dirs -Wundef -Wnested-externs -Wold-style-definition -Woverlength-strings -Wredundant-decls -Wcast-qual -Wnull-dereference -Wno-format-nonliteral -Wno-switch -Wno-missing-field-initializers -Wshadow -fno-strict-aliasing -g -fno-omit-frame-pointer -DHAVE_EXECINFO  -DMAXCONN=16384 -I../common -I/usr/local/include -DHAS_TLS -DHAVE_SETRLIMIT -DHAVE_STRNLEN -DPACKETVER=20120410 -DDEBUG -DDISABLE_RENEWAL -DHAVE_MONOTONIC_CLOCK -I/usr/local/Cellar/mysql/5.7.15/include/mysql  -L/usr/local/lib -rdynamic -fno-omit-frame-pointer conftest.c -lz  -L/usr/local/Cellar/mysql/5.7.15/lib -lmysqlclient -lssl -lcrypto >&5
configure:9175: $? = 0
configure:9175: result: yes
configure:9180: checking mysql.h usability
configure:9180: gcc -c -g -O2 -pipe -ffast-math -Wall -Wextra -Wno-sign-compare -std=c99 -Wno-unused-parameter -Wempty-body -Wnewline-eof -Wint-conversion -Winit-self -Wpointer-arith -Wswitch-bool -Wenum-conversion -Wshorten-64-to-32 -Wconstant-conversion -Wbool-conversion -Wformat-security -Wformat -Wformat-y2k -Wmissing-include-dirs -Wundef -Wnested-externs -Wold-style-definition -Woverlength-strings -Wredundant-decls -Wcast-qual -Wnull-dereference -Wno-format-nonliteral -Wno-switch -Wno-missing-field-initializers -Wshadow -fno-strict-aliasing -g -fno-omit-frame-pointer -DHAVE_EXECINFO  -DMAXCONN=16384 -I../common -I/usr/local/include -DHAS_TLS -DHAVE_SETRLIMIT -DHAVE_STRNLEN -DPACKETVER=20120410 -DDEBUG -DDISABLE_RENEWAL -DHAVE_MONOTONIC_CLOCK -I/usr/local/Cellar/mysql/5.7.15/include/mysql conftest.c >&5
configure:9180: $? = 0
configure:9180: result: yes
configure:9180: checking mysql.h presence
configure:9180: gcc -E  -DMAXCONN=16384 -I../common -I/usr/local/include -DHAS_TLS -DHAVE_SETRLIMIT -DHAVE_STRNLEN -DPACKETVER=20120410 -DDEBUG -DDISABLE_RENEWAL -DHAVE_MONOTONIC_CLOCK -I/usr/local/Cellar/mysql/5.7.15/include/mysql conftest.c
configure:9180: $? = 0
configure:9180: result: yes
configure:9180: checking for mysql.h
configure:9180: result: yes
configure:9191: checking MySQL library (required)
configure:9194: result: yes (5.7.15)
configure:9212: checking PCRE library
configure:9214: checking pcre.h usability
configure:9214: gcc -c -g -O2 -pipe -ffast-math -Wall -Wextra -Wno-sign-compare -std=c99 -Wno-unused-parameter -Wempty-body -Wnewline-eof -Wint-conversion -Winit-self -Wpointer-arith -Wswitch-bool -Wenum-conversion -Wshorten-64-to-32 -Wconstant-conversion -Wbool-conversion -Wformat-security -Wformat -Wformat-y2k -Wmissing-include-dirs -Wundef -Wnested-externs -Wold-style-definition -Woverlength-strings -Wredundant-decls -Wcast-qual -Wnull-dereference -Wno-format-nonliteral -Wno-switch -Wno-missing-field-initializers -Wshadow -fno-strict-aliasing -g -fno-omit-frame-pointer -DHAVE_EXECINFO  -DMAXCONN=16384 -I../common -I/usr/local/include -DHAS_TLS -DHAVE_SETRLIMIT -DHAVE_STRNLEN -DPACKETVER=20120410 -DDEBUG -DDISABLE_RENEWAL -DHAVE_MONOTONIC_CLOCK conftest.c >&5
configure:9214: $? = 0
configure:9214: result: yes
configure:9214: checking pcre.h presence
configure:9214: gcc -E  -DMAXCONN=16384 -I../common -I/usr/local/include -DHAS_TLS -DHAVE_SETRLIMIT -DHAVE_STRNLEN -DPACKETVER=20120410 -DDEBUG -DDISABLE_RENEWAL -DHAVE_MONOTONIC_CLOCK conftest.c
configure:9214: $? = 0
configure:9214: result: yes
configure:9214: checking for pcre.h
configure:9214: result: yes
configure:9222: checking for library containing pcre_study
configure:9253: gcc -o conftest -g -O2 -pipe -ffast-math -Wall -Wextra -Wno-sign-compare -std=c99 -Wno-unused-parameter -Wempty-body -Wnewline-eof -Wint-conversion -Winit-self -Wpointer-arith -Wswitch-bool -Wenum-conversion -Wshorten-64-to-32 -Wconstant-conversion -Wbool-conversion -Wformat-security -Wformat -Wformat-y2k -Wmissing-include-dirs -Wundef -Wnested-externs -Wold-style-definition -Woverlength-strings -Wredundant-decls -Wcast-qual -Wnull-dereference -Wno-format-nonliteral -Wno-switch -Wno-missing-field-initializers -Wshadow -fno-strict-aliasing -g -fno-omit-frame-pointer -DHAVE_EXECINFO  -DMAXCONN=16384 -I../common -I/usr/local/include -DHAS_TLS -DHAVE_SETRLIMIT -DHAVE_STRNLEN -DPACKETVER=20120410 -DDEBUG -DDISABLE_RENEWAL -DHAVE_MONOTONIC_CLOCK  -L/usr/local/lib -rdynamic -fno-omit-frame-pointer conftest.c -lz  >&5
Undefined symbols for architecture x86_64:
  "_pcre_study", referenced from:
      _main in conftest-ce8d1f.o
ld: symbol(s) not found for architecture x86_64
clang: error: linker command failed with exit code 1 (use -v to see invocation)
configure:9253: $? = 1
configure: failed program was:
| /* confdefs.h */
| #define PACKAGE_NAME ""
| #define PACKAGE_TARNAME ""
| #define PACKAGE_VERSION ""
| #define PACKAGE_STRING ""
| #define PACKAGE_BUGREPORT ""
| #define PACKAGE_URL ""
| #define STDC_HEADERS 1
| #define HAVE_SYS_TYPES_H 1
| #define HAVE_SYS_STAT_H 1
| #define HAVE_STDLIB_H 1
| #define HAVE_STRING_H 1
| #define HAVE_MEMORY_H 1
| #define HAVE_STRINGS_H 1
| #define HAVE_INTTYPES_H 1
| #define HAVE_STDINT_H 1
| #define HAVE_UNISTD_H 1
| #define __EXTENSIONS__ 1
| #define _ALL_SOURCE 1
| #define _GNU_SOURCE 1
| #define _POSIX_PTHREAD_SEMANTICS 1
| #define _TANDEM_SOURCE 1
| #define HAVE_USELOCALE 1
| #define HAVE_NEWLOCALE 1
| #define HAVE_FREELOCALE 1
| #define HAVE_XLOCALE_H 1
| #define HAVE_EXECINFO_H 1
| /* end confdefs.h.  */
| 
| /* Override any GCC internal prototype to avoid an error.
|    Use char because int might match the return type of a GCC
|    builtin and then its argument prototype would still apply.  */
| #ifdef __cplusplus
| extern "C"
| #endif
| char pcre_study ();
| int
| main ()
| {
| return pcre_study ();
|   ;
|   return 0;
| }
configure:9253: gcc -o conftest -g -O2 -pipe -ffast-math -Wall -Wextra -Wno-sign-compare -std=c99 -Wno-unused-parameter -Wempty-body -Wnewline-eof -Wint-conversion -Winit-self -Wpointer-arith -Wswitch-bool -Wenum-conversion -Wshorten-64-to-32 -Wconstant-conversion -Wbool-conversion -Wformat-security -Wformat -Wformat-y2k -Wmissing-include-dirs -Wundef -Wnested-externs -Wold-style-definition -Woverlength-strings -Wredundant-decls -Wcast-qual -Wnull-dereference -Wno-format-nonliteral -Wno-switch -Wno-missing-field-initializers -Wshadow -fno-strict-aliasing -g -fno-omit-frame-pointer -DHAVE_EXECINFO  -DMAXCONN=16384 -I../common -I/usr/local/include -DHAS_TLS -DHAVE_SETRLIMIT -DHAVE_STRNLEN -DPACKETVER=20120410 -DDEBUG -DDISABLE_RENEWAL -DHAVE_MONOTONIC_CLOCK  -L/usr/local/lib -rdynamic -fno-omit-frame-pointer conftest.c -lpcre  -lz  >&5
configure:9253: $? = 0
configure:9270: result: -lpcre
configure:9431: checking for doxygen
configure:9447: found /usr/local/bin/doxygen
configure:9459: result: yes
configure:9470: checking for perl
configure:9486: found /usr/bin/perl
configure:9498: result: yes
configure:9659: creating ./config.status

## ---------------------- ##
## Running config.status. ##
## ---------------------- ##

This file was extended by config.status, which was
generated by GNU Autoconf 2.69.  Invocation command line was

  CONFIG_FILES    = 
  CONFIG_HEADERS  = 
  CONFIG_LINKS    = 
  CONFIG_COMMANDS = 
  $ ./config.status 

on thebig.local

config.status:754: creating Makefile
config.status:754: creating src/common/Makefile
config.status:754: creating 3rdparty/mt19937ar/Makefile
config.status:754: creating 3rdparty/libconfig/Makefile
config.status:754: creating src/char/Makefile
config.status:754: creating src/login/Makefile
config.status:754: creating src/map/Makefile
config.status:754: creating src/plugins/Makefile
config.status:754: creating src/tool/Makefile
config.status:754: creating src/test/Makefile
config.status:754: creating tools/HPMHookGen/Makefile
config.status:754: creating tools/doxygen/Makefile

## ---------------- ##
## Cache variables. ##
## ---------------- ##

ac_cv_c_bigendian=no
ac_cv_c_compiler_gnu=yes
ac_cv_env_CC_set=
ac_cv_env_CC_value=
ac_cv_env_CFLAGS_set=
ac_cv_env_CFLAGS_value=
ac_cv_env_CPPFLAGS_set=
ac_cv_env_CPPFLAGS_value=
ac_cv_env_CPP_set=
ac_cv_env_CPP_value=
ac_cv_env_LDFLAGS_set=
ac_cv_env_LDFLAGS_value=
ac_cv_env_LIBS_set=
ac_cv_env_LIBS_value=
ac_cv_env_build_alias_set=
ac_cv_env_build_alias_value=
ac_cv_env_host_alias_set=
ac_cv_env_host_alias_value=
ac_cv_env_target_alias_set=
ac_cv_env_target_alias_value=
ac_cv_func_freelocale=yes
ac_cv_func_mysql_init=yes
ac_cv_func_newlocale=yes
ac_cv_func_setrlimit=yes
ac_cv_func_strnlen=yes
ac_cv_func_uselocale=yes
ac_cv_header_execinfo_h=yes
ac_cv_header_inttypes_h=yes
ac_cv_header_memory_h=yes
ac_cv_header_minix_config_h=no
ac_cv_header_mysql_h=yes
ac_cv_header_pcre_h=yes
ac_cv_header_stdc=yes
ac_cv_header_stdint_h=yes
ac_cv_header_stdlib_h=yes
ac_cv_header_string_h=yes
ac_cv_header_strings_h=yes
ac_cv_header_sys_stat_h=yes
ac_cv_header_sys_types_h=yes
ac_cv_header_unistd_h=yes
ac_cv_header_xlocale_h=yes
ac_cv_header_zlib_h=yes
ac_cv_objext=o
ac_cv_path_AR=/usr/bin/ar
ac_cv_path_EGREP='/usr/bin/grep -E'
ac_cv_path_GREP=/usr/bin/grep
ac_cv_path_MYSQL_CONFIG_HOME=/usr/local/bin/mysql_config
ac_cv_prog_CPP='gcc -E'
ac_cv_prog_HAVE_DOXYGEN=yes
ac_cv_prog_HAVE_PERL=yes
ac_cv_prog_ac_ct_CC=gcc
ac_cv_prog_cc_c89=
ac_cv_prog_cc_g=yes
ac_cv_prog_make_make_set=yes
ac_cv_safe_to_define___extensions__=yes
ac_cv_search_backtrace='none required'
ac_cv_search_clock_gettime='none required'
ac_cv_search_inflateEnd=-lz
ac_cv_search_pcre_study=-lpcre
ac_cv_search_pthread_attr_destroy='none required'
ac_cv_search_pthread_attr_init='none required'
ac_cv_search_pthread_attr_setstacksize='none required'
ac_cv_search_pthread_cancel='none required'
ac_cv_search_pthread_create='none required'
ac_cv_search_pthread_join='none required'
ac_cv_search_pthread_sigmask='none required'
ac_cv_search_sqrt='none required'

## ----------------- ##
## Output variables. ##
## ----------------- ##

AR='/usr/bin/ar'
CC='gcc'
CFLAGS='-g -O2 -pipe -ffast-math -Wall -Wextra -Wno-sign-compare -std=c99 -Wno-unused-parameter -Wempty-body -Wnewline-eof -Wint-conversion -Winit-self -Wpointer-arith -Wswitch-bool -Wenum-conversion -Wshorten-64-to-32 -Wconstant-conversion -Wbool-conversion -Wformat-security -Wformat -Wformat-y2k -Wmissing-include-dirs -Wundef -Wnested-externs -Wold-style-definition -Woverlength-strings -Wredundant-decls -Wcast-qual -Wnull-dereference -Wno-format-nonliteral -Wno-switch -Wno-missing-field-initializers -Wshadow -fno-strict-aliasing -g -fno-omit-frame-pointer -DHAVE_EXECINFO'
CPP='gcc -E'
CPPFLAGS=' -DMAXCONN=16384 -I../common -I/usr/local/include -DHAS_TLS -DHAVE_SETRLIMIT -DHAVE_STRNLEN -DPACKETVER=20120410 -DDEBUG -DDISABLE_RENEWAL -DHAVE_MONOTONIC_CLOCK'
DEFS='-DPACKAGE_NAME=\"\" -DPACKAGE_TARNAME=\"\" -DPACKAGE_VERSION=\"\" -DPACKAGE_STRING=\"\" -DPACKAGE_BUGREPORT=\"\" -DPACKAGE_URL=\"\" -DSTDC_HEADERS=1 -DHAVE_SYS_TYPES_H=1 -DHAVE_SYS_STAT_H=1 -DHAVE_STDLIB_H=1 -DHAVE_STRING_H=1 -DHAVE_MEMORY_H=1 -DHAVE_STRINGS_H=1 -DHAVE_INTTYPES_H=1 -DHAVE_STDINT_H=1 -DHAVE_UNISTD_H=1 -D__EXTENSIONS__=1 -D_ALL_SOURCE=1 -D_GNU_SOURCE=1 -D_POSIX_PTHREAD_SEMANTICS=1 -D_TANDEM_SOURCE=1 -DHAVE_USELOCALE=1 -DHAVE_NEWLOCALE=1 -DHAVE_FREELOCALE=1 -DHAVE_XLOCALE_H=1 -DHAVE_EXECINFO_H=1'
DLLEXT='.dylib'
ECHO_C='\c'
ECHO_N=''
ECHO_T=''
EGREP='/usr/bin/grep -E'
EXEEXT=''
GREP='/usr/bin/grep'
HAVE_DOXYGEN='yes'
HAVE_MYSQL='yes'
HAVE_PERL='yes'
LDFLAGS=' -L/usr/local/lib -rdynamic -fno-omit-frame-pointer'
LIBOBJS=''
LIBS='-lpcre -lz '
LTLIBOBJS=''
MYSQL_CFLAGS='-I/usr/local/Cellar/mysql/5.7.15/include/mysql'
MYSQL_CONFIG_HOME='/usr/local/bin/mysql_config'
MYSQL_LIBS='-L/usr/local/Cellar/mysql/5.7.15/lib -lmysqlclient -lssl -lcrypto'
MYSQL_VERSION='5.7.15'
OBJEXT='o'
PACKAGE_BUGREPORT=''
PACKAGE_NAME=''
PACKAGE_STRING=''
PACKAGE_TARNAME=''
PACKAGE_URL=''
PACKAGE_VERSION=''
PATH_SEPARATOR=':'
PLUGINSTATIC=''
SET_MAKE=''
SHELL='/bin/sh'
SOFLAGS=' -fPIC -shared'
STATIC=''
WITH_PLUGINS='yes'
ac_ct_CC='gcc'
bindir='${exec_prefix}/bin'
build_alias=''
datadir='${datarootdir}'
datarootdir='${prefix}/share'
docdir='${datarootdir}/doc/${PACKAGE}'
dvidir='${docdir}'
exec_prefix='${prefix}'
host_alias=''
htmldir='${docdir}'
includedir='${prefix}/include'
infodir='${datarootdir}/info'
libdir='${exec_prefix}/lib'
libexecdir='${exec_prefix}/libexec'
localedir='${datarootdir}/locale'
localstatedir='${prefix}/var'
mandir='${datarootdir}/man'
oldincludedir='/usr/include'
pdfdir='${docdir}'
prefix='/usr/local'
program_transform_name='s,x,x,'
psdir='${docdir}'
runstatedir='${localstatedir}/run'
sbindir='${exec_prefix}/sbin'
sharedstatedir='${prefix}/com'
sysconfdir='${prefix}/etc'
target_alias=''

## ----------- ##
## confdefs.h. ##
## ----------- ##

/* confdefs.h */
#define PACKAGE_NAME ""
#define PACKAGE_TARNAME ""
#define PACKAGE_VERSION ""
#define PACKAGE_STRING ""
#define PACKAGE_BUGREPORT ""
#define PACKAGE_URL ""
#define STDC_HEADERS 1
#define HAVE_SYS_TYPES_H 1
#define HAVE_SYS_STAT_H 1
#define HAVE_STDLIB_H 1
#define HAVE_STRING_H 1
#define HAVE_MEMORY_H 1
#define HAVE_STRINGS_H 1
#define HAVE_INTTYPES_H 1
#define HAVE_STDINT_H 1
#define HAVE_UNISTD_H 1
#define __EXTENSIONS__ 1
#define _ALL_SOURCE 1
#define _GNU_SOURCE 1
#define _POSIX_PTHREAD_SEMANTICS 1
#define _TANDEM_SOURCE 1
#define HAVE_USELOCALE 1
#define HAVE_NEWLOCALE 1
#define HAVE_FREELOCALE 1
#define HAVE_XLOCALE_H 1
#define HAVE_EXECINFO_H 1

configure: exit 0
